Log file open, 01/05/21 17:29:34
LogInit: Display: Running engine for game: Group28ProtoType1
LogPlatformFile: Not using cached read wrapper
LogTaskGraph: Started task graph with 5 named threads and 23 total threads with 3 sets of task threads.
LogStats: Stats thread started at 2.094244
LogD3D11RHI: Loaded GFSDK_Aftermath_Lib.x64.dll
LogICUInternationalization: ICU TimeZone Detection - Raw Offset: +0:00, Platform Override: ''
LogPluginManager: Mounting plugin Paper2D
LogPluginManager: Mounting plugin AISupport
LogPluginManager: Mounting plugin LightPropagationVolume
LogPluginManager: Mounting plugin CameraShakePreviewer
LogPluginManager: Mounting plugin ActorLayerUtilities
LogPluginManager: Mounting plugin AnimationSharing
LogPluginManager: Mounting plugin CLionSourceCodeAccess
LogPluginManager: Mounting plugin CodeLiteSourceCodeAccess
LogPluginManager: Mounting plugin GitSourceControl
LogPluginManager: Mounting plugin KDevelopSourceCodeAccess
LogPluginManager: Mounting plugin NullSourceCodeAccess
LogPluginManager: Mounting plugin PerforceSourceControl
LogPluginManager: Mounting plugin PlasticSourceControl
LogPluginManager: Mounting plugin RiderSourceCodeAccess
LogPluginManager: Mounting plugin SubversionSourceControl
LogPluginManager: Mounting plugin UObjectPlugin
LogPluginManager: Mounting plugin VisualStudioCodeSourceCodeAccess
LogPluginManager: Mounting plugin VisualStudioSourceCodeAccess
LogPluginManager: Mounting plugin XCodeSourceCodeAccess
LogPluginManager: Mounting plugin AssetManagerEditor
LogPluginManager: Mounting plugin CryptoKeys
LogPluginManager: Mounting plugin CurveEditorTools
LogPluginManager: Mounting plugin DataValidation
LogPluginManager: Mounting plugin EditorScriptingUtilities
LogPluginManager: Mounting plugin FacialAnimation
LogPluginManager: Mounting plugin GameplayTagsEditor
LogPluginManager: Mounting plugin GeometryMode
LogPluginManager: Mounting plugin MacGraphicsSwitching
LogPluginManager: Mounting plugin MaterialAnalyzer
LogPluginManager: Mounting plugin MobileLauncherProfileWizard
LogPluginManager: Mounting plugin PluginBrowser
LogPluginManager: Mounting plugin SpeedTreeImporter
LogPluginManager: Mounting plugin DatasmithContent
LogPluginManager: Mounting plugin VariantManagerContent
LogPluginManager: Mounting plugin AlembicImporter
LogPluginManager: Mounting plugin AutomationUtils
LogPluginManager: Mounting plugin BackChannel
LogPluginManager: Mounting plugin ChaosCloth
LogPluginManager: Mounting plugin ChaosClothEditor
LogPluginManager: Mounting plugin ChaosEditor
LogPluginManager: Mounting plugin ChaosNiagara
LogPluginManager: Mounting plugin ChaosSolverPlugin
LogPluginManager: Mounting plugin CharacterAI
LogPluginManager: Mounting plugin GeometryCache
LogPluginManager: Mounting plugin GeometryCollectionPlugin
LogPluginManager: Mounting plugin GeometryProcessing
LogPluginManager: Mounting plugin PlanarCut
LogPluginManager: Mounting plugin PlatformCrypto
LogPluginManager: Mounting plugin ProxyLODPlugin
LogPluginManager: Mounting plugin SkeletalReduction
LogPluginManager: Mounting plugin Niagara
LogPluginManager: Mounting plugin MagicLeap
LogPluginManager: Mounting plugin MagicLeapLightEstimation
LogPluginManager: Mounting plugin MagicLeapMedia
LogPluginManager: Mounting plugin MagicLeapPassableWorld
LogPluginManager: Mounting plugin MLSDK
LogPluginManager: Mounting plugin AndroidMedia
LogPluginManager: Mounting plugin AvfMedia
LogPluginManager: Mounting plugin ImgMedia
LogPluginManager: Mounting plugin MediaCompositing
LogPluginManager: Mounting plugin MediaPlayerEditor
LogPluginManager: Mounting plugin WebMMedia
LogPluginManager: Mounting plugin WmfMedia
LogPluginManager: Mounting plugin MeshPainting
LogPluginManager: Mounting plugin TcpMessaging
LogPluginManager: Mounting plugin UdpMessaging
LogPluginManager: Mounting plugin ActorSequence
LogPluginManager: Mounting plugin LevelSequenceEditor
LogPluginManager: Mounting plugin MatineeToLevelSequence
LogPluginManager: Mounting plugin MovieRenderPipeline
LogPluginManager: Mounting plugin TemplateSequence
LogPluginManager: Mounting plugin NetcodeUnitTest
LogPluginManager: Mounting plugin NUTUnrealEngine4
LogPluginManager: Mounting plugin OnlineSubsystemGooglePlay
LogPluginManager: Mounting plugin OnlineSubsystemIOS
LogPluginManager: Mounting plugin OnlineSubsystem
LogPluginManager: Mounting plugin OnlineSubsystemNull
LogPluginManager: Mounting plugin OnlineSubsystemUtils
LogPluginManager: Mounting plugin LauncherChunkInstaller
LogPluginManager: Mounting plugin AndroidDeviceProfileSelector
LogPluginManager: Mounting plugin AndroidMoviePlayer
LogPluginManager: Mounting plugin AndroidPermission
LogPluginManager: Mounting plugin AppleImageUtils
LogPluginManager: Mounting plugin AppleMoviePlayer
LogPluginManager: Mounting plugin ArchVisCharacter
LogPluginManager: Mounting plugin AssetTags
LogPluginManager: Mounting plugin AudioCapture
LogPluginManager: Mounting plugin CableComponent
LogPluginManager: Mounting plugin CustomMeshComponent
LogPluginManager: Mounting plugin EditableMesh
LogPluginManager: Mounting plugin ExampleDeviceProfileSelector
LogPluginManager: Mounting plugin GoogleCloudMessaging
LogPluginManager: Mounting plugin GooglePAD
LogPluginManager: Mounting plugin IOSDeviceProfileSelector
LogPluginManager: Mounting plugin LinuxDeviceProfileSelector
LogPluginManager: Mounting plugin LocationServicesBPLibrary
LogPluginManager: Mounting plugin MobilePatchingUtils
LogPluginManager: Mounting plugin OculusVR
LogPluginManager: Mounting plugin PhysXVehicles
LogPluginManager: Mounting plugin PostSplashScreen
LogPluginManager: Mounting plugin ProceduralMeshComponent
LogPluginManager: Mounting plugin RuntimePhysXCooking
LogPluginManager: Mounting plugin SignificanceManager
LogPluginManager: Mounting plugin SoundFields
LogPluginManager: Mounting plugin SteamVR
LogPluginManager: Mounting plugin Synthesis
LogPluginManager: Mounting plugin WebMMoviePlayer
LogPluginManager: Mounting plugin WindowsMoviePlayer
LogPluginManager: Mounting plugin ScreenshotTools
LogInit: Using libcurl 7.55.1-DEV
LogInit:  - built for x86_64-pc-win32
LogInit:  - supports SSL with OpenSSL/1.1.1
LogInit:  - supports HTTP deflate (compression) using libz 1.2.8
LogInit:  - other features:
LogInit:      CURL_VERSION_SSL
LogInit:      CURL_VERSION_LIBZ
LogInit:      CURL_VERSION_IPV6
LogInit:      CURL_VERSION_ASYNCHDNS
LogInit:      CURL_VERSION_LARGEFILE
LogInit:      CURL_VERSION_IDN
LogInit:  CurlRequestOptions (configurable via config and command line):
LogInit:  - bVerifyPeer = true  - Libcurl will verify peer certificate
LogInit:  - bUseHttpProxy = false  - Libcurl will NOT use HTTP proxy
LogInit:  - bDontReuseConnections = false  - Libcurl will reuse connections
LogInit:  - MaxHostConnections = 16  - Libcurl will limit the number of connections to a host
LogInit:  - LocalHostAddr = Default
LogInit:  - BufferSize = 65536
LogOnline: OSS: Creating online subsystem instance for: NULL
LogInit: WinSock: version 1.1 (2.2), MaxSocks=32767, MaxUdp=65467
LogOnline: OSS: TryLoadSubsystemAndSetDefault: Loaded subsystem for module [NULL]
LogInit: Build: ++UE4+Release-4.25-CL-13594126
LogInit: Engine Version: 4.25.1-13594126+++UE4+Release-4.25
LogInit: Compatible Engine Version: 4.25.0-13144385+++UE4+Release-4.25
LogInit: Net CL: 13144385
LogInit: OS: Windows 10 (Release 1909) (), CPU: Intel(R) Core(TM) i7-7700K CPU @ 4.20GHz, GPU: NVIDIA GeForce GTX 1660
LogInit: Compiled (64-bit): Jun  2 2020 02:10:36
LogInit: Compiled with Visual C++: 19.24.28315.00
LogInit: Build Configuration: Development
LogInit: Branch Name: ++UE4+Release-4.25
LogInit: Command Line: 
LogInit: Base Directory: E:/Software/UE_4.25/Engine/Binaries/Win64/
LogInit: Allocator: TBB
LogInit: Installed Engine Build: 1
LogDevObjectVersion: Number of dev versions registered: 26
LogDevObjectVersion:   Dev-Blueprints (B0D832E4-1F89-4F0D-ACCF-7EB736FD4AA2): 10
LogDevObjectVersion:   Dev-Build (E1C64328-A22C-4D53-A36C-8E866417BD8C): 0
LogDevObjectVersion:   Dev-Core (375EC13C-06E4-48FB-B500-84F0262A717E): 4
LogDevObjectVersion:   Dev-Editor (E4B068ED-F494-42E9-A231-DA0B2E46BB41): 38
LogDevObjectVersion:   Dev-Framework (CFFC743F-43B0-4480-9391-14DF171D2073): 37
LogDevObjectVersion:   Dev-Mobile (B02B49B5-BB20-44E9-A304-32B752E40360): 2
LogDevObjectVersion:   Dev-Networking (A4E4105C-59A1-49B5-A7C5-40C4547EDFEE): 0
LogDevObjectVersion:   Dev-Online (39C831C9-5AE6-47DC-9A44-9C173E1C8E7C): 0
LogDevObjectVersion:   Dev-Physics (78F01B33-EBEA-4F98-B9B4-84EACCB95AA2): 4
LogDevObjectVersion:   Dev-Platform (6631380F-2D4D-43E0-8009-CF276956A95A): 0
LogDevObjectVersion:   Dev-Rendering (12F88B9F-8875-4AFC-A67C-D90C383ABD29): 43
LogDevObjectVersion:   Dev-Sequencer (7B5AE74C-D270-4C10-A958-57980B212A5A): 12
LogDevObjectVersion:   Dev-VR (D7296918-1DD6-4BDD-9DE2-64A83CC13884): 3
LogDevObjectVersion:   Dev-LoadTimes (C2A15278-BFE7-4AFE-6C17-90FF531DF755): 1
LogDevObjectVersion:   Private-Geometry (6EACA3D4-40EC-4CC1-B786-8BED09428FC5): 3
LogDevObjectVersion:   Dev-AnimPhys (29E575DD-E0A3-4627-9D10-D276232CDCEA): 17
LogDevObjectVersion:   Dev-Anim (AF43A65D-7FD3-4947-9873-3E8ED9C1BB05): 7
LogDevObjectVersion:   Dev-ReflectionCapture (6B266CEC-1EC7-4B8F-A30B-E4D90942FC07): 1
LogDevObjectVersion:   Dev-Automation (0DF73D61-A23F-47EA-B727-89E90C41499A): 1
LogDevObjectVersion:   FortniteMain (601D1886-AC64-4F84-AA16-D3DE0DEAC7D6): 31
LogDevObjectVersion:   Dev-Enterprise (9DFFBCD6-494F-0158-E221-12823C92A888): 10
LogDevObjectVersion:   Dev-Niagara (F2AED0AC-9AFE-416F-8664-AA7FFA26D6FC): 1
LogDevObjectVersion:   Dev-Destruction (174F1F0B-B4C6-45A5-B13F-2EE8D0FB917D): 10
LogDevObjectVersion:   Dev-Physics-Ext (35F94A83-E258-406C-A318-09F59610247C): 37
LogDevObjectVersion:   Dev-PhysicsMaterial-Chaos (B68FC16E-8B1B-42E2-B453-215C058844FE): 1
LogDevObjectVersion:   Dev-CineCamera (B2E18506-4273-CFC2-A54E-F4BB758BBA07): 1
LogInit: Presizing for max 25165824 objects, including 0 objects not considered by GC, pre-allocating 0 bytes for permanent pool.
LogConfig: Applying CVar settings from Section [/Script/Engine.StreamingSettings] File [E:/Collab New Year 3/Group28-Prototype1/Group28ProtoType1/Saved/Config/Windows/Engine.ini]
LogConfig: Setting CVar [[s.MinBulkDataSizeForAsyncLoading:131072]]
LogConfig: Setting CVar [[s.AsyncLoadingThreadEnabled:0]]
LogConfig: Setting CVar [[s.EventDrivenLoaderEnabled:1]]
LogConfig: Setting CVar [[s.WarnIfTimeLimitExceeded:0]]
LogConfig: Setting CVar [[s.TimeLimitExceededMultiplier:1.5]]
LogConfig: Setting CVar [[s.TimeLimitExceededMinTime:0.005]]
LogConfig: Setting CVar [[s.UseBackgroundLevelStreaming:1]]
LogConfig: Setting CVar [[s.PriorityAsyncLoadingExtraTime:15.0]]
LogConfig: Setting CVar [[s.LevelStreamingActorsUpdateTimeLimit:5.0]]
LogConfig: Setting CVar [[s.PriorityLevelStreamingActorsUpdateExtraTime:5.0]]
LogConfig: Setting CVar [[s.LevelStreamingComponentsRegistrationGranularity:10]]
LogConfig: Setting CVar [[s.UnregisterComponentsTimeLimit:1.0]]
LogConfig: Setting CVar [[s.LevelStreamingComponentsUnregistrationGranularity:5]]
LogConfig: Setting CVar [[s.FlushStreamingOnExit:1]]
LogInit: Object subsystem initialized
LogConfig: Setting CVar [[con.DebugEarlyDefault:1]]
LogConfig: Setting CVar [[r.setres:1280x720]]
[2021.01.05-17.29.35:053][  0]LogConfig: Setting CVar [[r.VSync:0]]
[2021.01.05-17.29.35:053][  0]LogConfig: Setting CVar [[r.RHICmdBypass:0]]
[2021.01.05-17.29.35:053][  0]LogConfig: Applying CVar settings from Section [/Script/Engine.RendererSettings] File [E:/Collab New Year 3/Group28-Prototype1/Group28ProtoType1/Saved/Config/Windows/Engine.ini]
[2021.01.05-17.29.35:053][  0]LogConfig: Setting CVar [[r.GPUCrashDebugging:0]]
[2021.01.05-17.29.35:053][  0]LogConfig: Setting CVar [[r.EarlyZPass:2]]
[2021.01.05-17.29.35:053][  0]LogConfig: Setting CVar [[r.EarlyZPassOnlyMaterialMasking:1]]
[2021.01.05-17.29.35:054][  0]LogConfig: Applying CVar settings from Section [/Script/Engine.RendererOverrideSettings] File [E:/Collab New Year 3/Group28-Prototype1/Group28ProtoType1/Saved/Config/Windows/Engine.ini]
[2021.01.05-17.29.35:054][  0]LogConfig: Applying CVar settings from Section [/Script/Engine.StreamingSettings] File [E:/Collab New Year 3/Group28-Prototype1/Group28ProtoType1/Saved/Config/Windows/Engine.ini]
[2021.01.05-17.29.35:054][  0]LogConfig: Setting CVar [[s.MinBulkDataSizeForAsyncLoading:131072]]
[2021.01.05-17.29.35:054][  0]LogConfig: Setting CVar [[s.AsyncLoadingThreadEnabled:0]]
[2021.01.05-17.29.35:054][  0]LogConfig: Setting CVar [[s.EventDrivenLoaderEnabled:1]]
[2021.01.05-17.29.35:054][  0]LogConfig: Setting CVar [[s.WarnIfTimeLimitExceeded:0]]
[2021.01.05-17.29.35:054][  0]LogConfig: Setting CVar [[s.TimeLimitExceededMultiplier:1.5]]
[2021.01.05-17.29.35:054][  0]LogConfig: Setting CVar [[s.TimeLimitExceededMinTime:0.005]]
[2021.01.05-17.29.35:054][  0]LogConfig: Setting CVar [[s.UseBackgroundLevelStreaming:1]]
[2021.01.05-17.29.35:054][  0]LogConfig: Setting CVar [[s.PriorityAsyncLoadingExtraTime:15.0]]
[2021.01.05-17.29.35:054][  0]LogConfig: Setting CVar [[s.LevelStreamingActorsUpdateTimeLimit:5.0]]
[2021.01.05-17.29.35:054][  0]LogConfig: Setting CVar [[s.PriorityLevelStreamingActorsUpdateExtraTime:5.0]]
[2021.01.05-17.29.35:054][  0]LogConfig: Setting CVar [[s.LevelStreamingComponentsRegistrationGranularity:10]]
[2021.01.05-17.29.35:054][  0]LogConfig: Setting CVar [[s.UnregisterComponentsTimeLimit:1.0]]
[2021.01.05-17.29.35:054][  0]LogConfig: Setting CVar [[s.LevelStreamingComponentsUnregistrationGranularity:5]]
[2021.01.05-17.29.35:054][  0]LogConfig: Setting CVar [[s.FlushStreamingOnExit:1]]
[2021.01.05-17.29.35:054][  0]LogConfig: Applying CVar settings from Section [/Script/Engine.GarbageCollectionSettings] File [E:/Collab New Year 3/Group28-Prototype1/Group28ProtoType1/Saved/Config/Windows/Engine.ini]
[2021.01.05-17.29.35:054][  0]LogConfig: Setting CVar [[gc.MaxObjectsNotConsideredByGC:1]]
[2021.01.05-17.29.35:054][  0]LogConfig: Setting CVar [[gc.SizeOfPermanentObjectPool:0]]
[2021.01.05-17.29.35:054][  0]LogConfig: Setting CVar [[gc.FlushStreamingOnGC:0]]
[2021.01.05-17.29.35:054][  0]LogConfig: Setting CVar [[gc.NumRetriesBeforeForcingGC:10]]
[2021.01.05-17.29.35:054][  0]LogConfig: Setting CVar [[gc.AllowParallelGC:1]]
[2021.01.05-17.29.35:054][  0]LogConfig: Setting CVar [[gc.TimeBetweenPurgingPendingKillObjects:61.1]]
[2021.01.05-17.29.35:054][  0]LogConfig: Setting CVar [[gc.MaxObjectsInEditor:25165824]]
[2021.01.05-17.29.35:054][  0]LogConfig: Setting CVar [[gc.IncrementalBeginDestroyEnabled:1]]
[2021.01.05-17.29.35:054][  0]LogConfig: Setting CVar [[gc.CreateGCClusters:1]]
[2021.01.05-17.29.35:054][  0]LogConfig: Setting CVar [[gc.MinGCClusterSize:5]]
[2021.01.05-17.29.35:054][  0]LogConfig: Setting CVar [[gc.ActorClusteringEnabled:0]]
[2021.01.05-17.29.35:054][  0]LogConfig: Setting CVar [[gc.BlueprintClusteringEnabled:0]]
[2021.01.05-17.29.35:054][  0]LogConfig: Setting CVar [[gc.UseDisregardForGCOnDedicatedServers:0]]
[2021.01.05-17.29.35:054][  0]LogConfig: Applying CVar settings from Section [/Script/Engine.NetworkSettings] File [E:/Collab New Year 3/Group28-Prototype1/Group28ProtoType1/Saved/Config/Windows/Engine.ini]
[2021.01.05-17.29.35:054][  0]LogConfig: Applying CVar settings from Section [/Script/UnrealEd.CookerSettings] File [E:/Collab New Year 3/Group28-Prototype1/Group28ProtoType1/Saved/Config/Windows/Engine.ini]
[2021.01.05-17.29.35:058][  0]LogConfig: Applying CVar settings from Section [ViewDistanceQuality@3] File [E:/Collab New Year 3/Group28-Prototype1/Group28ProtoType1/Saved/Config/Windows/Scalability.ini]
[2021.01.05-17.29.35:058][  0]LogConfig: Setting CVar [[r.SkeletalMeshLODBias:0]]
[2021.01.05-17.29.35:058][  0]LogConfig: Setting CVar [[r.ViewDistanceScale:1.0]]
[2021.01.05-17.29.35:058][  0]LogConfig: Applying CVar settings from Section [AntiAliasingQuality@3] File [E:/Collab New Year 3/Group28-Prototype1/Group28ProtoType1/Saved/Config/Windows/Scalability.ini]
[2021.01.05-17.29.35:058][  0]LogConfig: Setting CVar [[r.PostProcessAAQuality:4]]
[2021.01.05-17.29.35:058][  0]LogConfig: Applying CVar settings from Section [ShadowQuality@3] File [E:/Collab New Year 3/Group28-Prototype1/Group28ProtoType1/Saved/Config/Windows/Scalability.ini]
[2021.01.05-17.29.35:058][  0]LogConfig: Setting CVar [[r.LightFunctionQuality:1]]
[2021.01.05-17.29.35:058][  0]LogConfig: Setting CVar [[r.ShadowQuality:5]]
[2021.01.05-17.29.35:058][  0]LogConfig: Setting CVar [[r.Shadow.CSM.MaxCascades:10]]
[2021.01.05-17.29.35:058][  0]LogConfig: Setting CVar [[r.Shadow.MaxResolution:2048]]
[2021.01.05-17.29.35:058][  0]LogConfig: Setting CVar [[r.Shadow.MaxCSMResolution:2048]]
[2021.01.05-17.29.35:058][  0]LogConfig: Setting CVar [[r.Shadow.RadiusThreshold:0.01]]
[2021.01.05-17.29.35:058][  0]LogConfig: Setting CVar [[r.Shadow.DistanceScale:1.0]]
[2021.01.05-17.29.35:059][  0]LogConfig: Setting CVar [[r.Shadow.CSM.TransitionScale:1.0]]
[2021.01.05-17.29.35:059][  0]LogConfig: Setting CVar [[r.Shadow.PreShadowResolutionFactor:1.0]]
[2021.01.05-17.29.35:059][  0]LogConfig: Setting CVar [[r.DistanceFieldShadowing:1]]
[2021.01.05-17.29.35:059][  0]LogConfig: Setting CVar [[r.DistanceFieldAO:1]]
[2021.01.05-17.29.35:059][  0]LogConfig: Setting CVar [[r.AOQuality:2]]
[2021.01.05-17.29.35:059][  0]LogConfig: Setting CVar [[r.VolumetricFog:1]]
[2021.01.05-17.29.35:059][  0]LogConfig: Setting CVar [[r.VolumetricFog.GridPixelSize:8]]
[2021.01.05-17.29.35:059][  0]LogConfig: Setting CVar [[r.VolumetricFog.GridSizeZ:128]]
[2021.01.05-17.29.35:059][  0]LogConfig: Setting CVar [[r.VolumetricFog.HistoryMissSupersampleCount:4]]
[2021.01.05-17.29.35:059][  0]LogConfig: Setting CVar [[r.LightMaxDrawDistanceScale:1]]
[2021.01.05-17.29.35:059][  0]LogConfig: Setting CVar [[r.CapsuleShadows:1]]
[2021.01.05-17.29.35:059][  0]LogConfig: Applying CVar settings from Section [PostProcessQuality@3] File [E:/Collab New Year 3/Group28-Prototype1/Group28ProtoType1/Saved/Config/Windows/Scalability.ini]
[2021.01.05-17.29.35:059][  0]LogConfig: Setting CVar [[r.MotionBlurQuality:4]]
[2021.01.05-17.29.35:059][  0]LogConfig: Setting CVar [[r.AmbientOcclusionMipLevelFactor:0.4]]
[2021.01.05-17.29.35:059][  0]LogConfig: Setting CVar [[r.AmbientOcclusionMaxQuality:100]]
[2021.01.05-17.29.35:059][  0]LogConfig: Setting CVar [[r.AmbientOcclusionLevels:-1]]
[2021.01.05-17.29.35:059][  0]LogConfig: Setting CVar [[r.AmbientOcclusionRadiusScale:1.0]]
[2021.01.05-17.29.35:059][  0]LogConfig: Setting CVar [[r.DepthOfFieldQuality:2]]
[2021.01.05-17.29.35:059][  0]LogConfig: Setting CVar [[r.RenderTargetPoolMin:400]]
[2021.01.05-17.29.35:059][  0]LogConfig: Setting CVar [[r.LensFlareQuality:2]]
[2021.01.05-17.29.35:059][  0]LogConfig: Setting CVar [[r.SceneColorFringeQuality:1]]
[2021.01.05-17.29.35:059][  0]LogConfig: Setting CVar [[r.EyeAdaptationQuality:2]]
[2021.01.05-17.29.35:059][  0]LogConfig: Setting CVar [[r.BloomQuality:5]]
[2021.01.05-17.29.35:059][  0]LogConfig: Setting CVar [[r.FastBlurThreshold:100]]
[2021.01.05-17.29.35:059][  0]LogConfig: Setting CVar [[r.Upscale.Quality:3]]
[2021.01.05-17.29.35:059][  0]LogConfig: Setting CVar [[r.Tonemapper.GrainQuantization:1]]
[2021.01.05-17.29.35:059][  0]LogConfig: Setting CVar [[r.LightShaftQuality:1]]
[2021.01.05-17.29.35:059][  0]LogConfig: Setting CVar [[r.Filter.SizeScale:1]]
[2021.01.05-17.29.35:059][  0]LogConfig: Setting CVar [[r.Tonemapper.Quality:5]]
[2021.01.05-17.29.35:059][  0]LogConfig: Setting CVar [[r.DOF.Gather.AccumulatorQuality:1        ; higher gathering accumulator quality]]
[2021.01.05-17.29.35:059][  0]LogConfig: Setting CVar [[r.DOF.Gather.PostfilterMethod:1          ; Median3x3 postfilering method]]
[2021.01.05-17.29.35:059][  0]LogConfig: Setting CVar [[r.DOF.Gather.EnableBokehSettings:0       ; no bokeh simulation when gathering]]
[2021.01.05-17.29.35:059][  0]LogConfig: Setting CVar [[r.DOF.Gather.RingCount:4                 ; medium number of samples when gathering]]
[2021.01.05-17.29.35:059][  0]LogConfig: Setting CVar [[r.DOF.Scatter.ForegroundCompositing:1    ; additive foreground scattering]]
[2021.01.05-17.29.35:059][  0]LogConfig: Setting CVar [[r.DOF.Scatter.BackgroundCompositing:2    ; additive background scattering]]
[2021.01.05-17.29.35:059][  0]LogConfig: Setting CVar [[r.DOF.Scatter.EnableBokehSettings:1      ; bokeh simulation when scattering]]
[2021.01.05-17.29.35:059][  0]LogConfig: Setting CVar [[r.DOF.Scatter.MaxSpriteRatio:0.1         ; only a maximum of 10% of scattered bokeh]]
[2021.01.05-17.29.35:059][  0]LogConfig: Setting CVar [[r.DOF.Recombine.Quality:1                ; cheap slight out of focus]]
[2021.01.05-17.29.35:059][  0]LogConfig: Setting CVar [[r.DOF.Recombine.EnableBokehSettings:0    ; no bokeh simulation on slight out of focus]]
[2021.01.05-17.29.35:059][  0]LogConfig: Setting CVar [[r.DOF.TemporalAAQuality:1                ; more stable temporal accumulation]]
[2021.01.05-17.29.35:059][  0]LogConfig: Setting CVar [[r.DOF.Kernel.MaxForegroundRadius:0.025]]
[2021.01.05-17.29.35:059][  0]LogConfig: Setting CVar [[r.DOF.Kernel.MaxBackgroundRadius:0.025]]
[2021.01.05-17.29.35:059][  0]LogConfig: Applying CVar settings from Section [TextureQuality@3] File [E:/Collab New Year 3/Group28-Prototype1/Group28ProtoType1/Saved/Config/Windows/Scalability.ini]
[2021.01.05-17.29.35:059][  0]LogConfig: Setting CVar [[r.Streaming.MipBias:0]]
[2021.01.05-17.29.35:059][  0]LogConfig: Setting CVar [[r.Streaming.AmortizeCPUToGPUCopy:0]]
[2021.01.05-17.29.35:059][  0]LogConfig: Setting CVar [[r.Streaming.MaxNumTexturesToStreamPerFrame:0]]
[2021.01.05-17.29.35:059][  0]LogConfig: Setting CVar [[r.Streaming.Boost:1]]
[2021.01.05-17.29.35:059][  0]LogConfig: Setting CVar [[r.MaxAnisotropy:8]]
[2021.01.05-17.29.35:059][  0]LogConfig: Setting CVar [[r.VT.MaxAnisotropy:8]]
[2021.01.05-17.29.35:059][  0]LogConfig: Setting CVar [[r.Streaming.LimitPoolSizeToVRAM:0]]
[2021.01.05-17.29.35:059][  0]LogConfig: Setting CVar [[r.Streaming.PoolSize:1000]]
[2021.01.05-17.29.35:059][  0]LogConfig: Setting CVar [[r.Streaming.MaxEffectiveScreenSize:0]]
[2021.01.05-17.29.35:059][  0]LogConfig: Applying CVar settings from Section [EffectsQuality@3] File [E:/Collab New Year 3/Group28-Prototype1/Group28ProtoType1/Saved/Config/Windows/Scalability.ini]
[2021.01.05-17.29.35:059][  0]LogConfig: Setting CVar [[r.TranslucencyLightingVolumeDim:64]]
[2021.01.05-17.29.35:059][  0]LogConfig: Setting CVar [[r.RefractionQuality:2]]
[2021.01.05-17.29.35:059][  0]LogConfig: Setting CVar [[r.SSR.Quality:3]]
[2021.01.05-17.29.35:059][  0]LogConfig: Setting CVar [[r.SSR.HalfResSceneColor:0]]
[2021.01.05-17.29.35:060][  0]LogConfig: Setting CVar [[r.SceneColorFormat:4]]
[2021.01.05-17.29.35:060][  0]LogConfig: Setting CVar [[r.DetailMode:2]]
[2021.01.05-17.29.35:060][  0]LogConfig: Setting CVar [[r.TranslucencyVolumeBlur:1]]
[2021.01.05-17.29.35:060][  0]LogConfig: Setting CVar [[r.MaterialQualityLevel:1 ; High quality]]
[2021.01.05-17.29.35:060][  0]LogConfig: Setting CVar [[r.SSS.Scale:1]]
[2021.01.05-17.29.35:060][  0]LogConfig: Setting CVar [[r.SSS.SampleSet:2]]
[2021.01.05-17.29.35:060][  0]LogConfig: Setting CVar [[r.SSS.Quality:1]]
[2021.01.05-17.29.35:060][  0]LogConfig: Setting CVar [[r.SSS.HalfRes:0]]
[2021.01.05-17.29.35:060][  0]LogConfig: Setting CVar [[r.SSGI.Quality:3]]
[2021.01.05-17.29.35:060][  0]LogConfig: Setting CVar [[r.EmitterSpawnRateScale:1.0]]
[2021.01.05-17.29.35:060][  0]LogConfig: Setting CVar [[r.ParticleLightQuality:2]]
[2021.01.05-17.29.35:060][  0]LogConfig: Setting CVar [[r.SkyAtmosphere.AerialPerspectiveLUT.FastApplyOnOpaque:1 ; Always have FastSkyLUT 1 in this case to avoid wrong sky]]
[2021.01.05-17.29.35:060][  0]LogConfig: Setting CVar [[r.SkyAtmosphere.AerialPerspectiveLUT.SampleCountPerSlice:1]]
[2021.01.05-17.29.35:060][  0]LogConfig: Setting CVar [[r.SkyAtmosphere.AerialPerspectiveLUT.DepthResolution:16.0]]
[2021.01.05-17.29.35:060][  0]LogConfig: Setting CVar [[r.SkyAtmosphere.FastSkyLUT:1]]
[2021.01.05-17.29.35:060][  0]LogConfig: Setting CVar [[r.SkyAtmosphere.FastSkyLUT.SampleCountMin:4.0]]
[2021.01.05-17.29.35:060][  0]LogConfig: Setting CVar [[r.SkyAtmosphere.FastSkyLUT.SampleCountMax:32.0]]
[2021.01.05-17.29.35:060][  0]LogConfig: Setting CVar [[r.SkyAtmosphere.SampleCountMin:4.0]]
[2021.01.05-17.29.35:060][  0]LogConfig: Setting CVar [[r.SkyAtmosphere.SampleCountMax:32.0]]
[2021.01.05-17.29.35:060][  0]LogConfig: Setting CVar [[r.SkyAtmosphere.TransmittanceLUT.UseSmallFormat:0]]
[2021.01.05-17.29.35:060][  0]LogConfig: Setting CVar [[r.SkyAtmosphere.TransmittanceLUT.SampleCount:10.0]]
[2021.01.05-17.29.35:060][  0]LogConfig: Setting CVar [[r.SkyAtmosphere.MultiScatteringLUT.SampleCount:15.0]]
[2021.01.05-17.29.35:060][  0]LogConfig: Applying CVar settings from Section [FoliageQuality@3] File [E:/Collab New Year 3/Group28-Prototype1/Group28ProtoType1/Saved/Config/Windows/Scalability.ini]
[2021.01.05-17.29.35:060][  0]LogConfig: Setting CVar [[foliage.DensityScale:1.0]]
[2021.01.05-17.29.35:060][  0]LogConfig: Setting CVar [[grass.DensityScale:1.0]]
[2021.01.05-17.29.35:060][  0]LogConfig: Applying CVar settings from Section [ShadingQuality@3] File [E:/Collab New Year 3/Group28-Prototype1/Group28ProtoType1/Saved/Config/Windows/Scalability.ini]
[2021.01.05-17.29.35:060][  0]LogConfig: Setting CVar [[r.HairStrands.SkyLighting.SampleCount:16]]
[2021.01.05-17.29.35:060][  0]LogConfig: Setting CVar [[r.HairStrands.SkyLighting.JitterIntegration:0]]
[2021.01.05-17.29.35:060][  0]LogConfig: Setting CVar [[r.HairStrands.SkyAO.SampleCount:16]]
[2021.01.05-17.29.35:060][  0]LogConfig: Setting CVar [[r.HairStrands.DeepShadow.SuperSampling:0]]
[2021.01.05-17.29.35:060][  0]LogConfig: Setting CVar [[r.HairStrands.VisibilityPPLL:0]]
[2021.01.05-17.29.35:060][  0]LogConfig: Setting CVar [[r.HairStrands.RasterizationScale:0.5]]
[2021.01.05-17.29.35:060][  0]LogConfig: Setting CVar [[r.HairStrands.VelocityRasterizationScale:1]]
[2021.01.05-17.29.35:060][  0]LogInit: Selected Device Profile: [Windows]
[2021.01.05-17.29.35:060][  0]LogInit: Applying CVar settings loaded from the selected device profile: [Windows]
[2021.01.05-17.29.35:060][  0]LogHAL: Display: Platform has ~ 8 GB [8552890368 / 8589934592 / 8], which maps to Default [LargestMinGB=32, LargerMinGB=12, DefaultMinGB=8, SmallerMinGB=6, SmallestMinGB=0)
[2021.01.05-17.29.35:060][  0]LogInit: Going up to parent DeviceProfile []
[2021.01.05-17.29.35:060][  0]LogConfig: Applying CVar settings from Section [ViewDistanceQuality@1] File [E:/Collab New Year 3/Group28-Prototype1/Group28ProtoType1/Saved/Config/Windows/Scalability.ini]
[2021.01.05-17.29.35:060][  0]LogConfig: Setting CVar [[r.SkeletalMeshLODBias:1]]
[2021.01.05-17.29.35:060][  0]LogConfig: Setting CVar [[r.ViewDistanceScale:0.6]]
[2021.01.05-17.29.35:060][  0]LogConfig: Applying CVar settings from Section [AntiAliasingQuality@3] File [E:/Collab New Year 3/Group28-Prototype1/Group28ProtoType1/Saved/Config/Windows/Scalability.ini]
[2021.01.05-17.29.35:060][  0]LogConfig: Setting CVar [[r.PostProcessAAQuality:4]]
[2021.01.05-17.29.35:060][  0]LogConfig: Applying CVar settings from Section [ShadowQuality@0] File [E:/Collab New Year 3/Group28-Prototype1/Group28ProtoType1/Saved/Config/Windows/Scalability.ini]
[2021.01.05-17.29.35:060][  0]LogConfig: Setting CVar [[r.LightFunctionQuality:0]]
[2021.01.05-17.29.35:060][  0]LogConfig: Setting CVar [[r.ShadowQuality:0]]
[2021.01.05-17.29.35:060][  0]LogConfig: Setting CVar [[r.Shadow.CSM.MaxCascades:1]]
[2021.01.05-17.29.35:060][  0]LogConfig: Setting CVar [[r.Shadow.MaxResolution:512]]
[2021.01.05-17.29.35:060][  0]LogConfig: Setting CVar [[r.Shadow.MaxCSMResolution:512]]
[2021.01.05-17.29.35:060][  0]LogConfig: Setting CVar [[r.Shadow.RadiusThreshold:0.06]]
[2021.01.05-17.29.35:060][  0]LogConfig: Setting CVar [[r.Shadow.DistanceScale:0.6]]
[2021.01.05-17.29.35:060][  0]LogConfig: Setting CVar [[r.Shadow.CSM.TransitionScale:0]]
[2021.01.05-17.29.35:060][  0]LogConfig: Setting CVar [[r.Shadow.PreShadowResolutionFactor:0.5]]
[2021.01.05-17.29.35:060][  0]LogConfig: Setting CVar [[r.DistanceFieldShadowing:0]]
[2021.01.05-17.29.35:060][  0]LogConfig: Setting CVar [[r.DistanceFieldAO:0]]
[2021.01.05-17.29.35:061][  0]LogConfig: Setting CVar [[r.VolumetricFog:0]]
[2021.01.05-17.29.35:061][  0]LogConfig: Setting CVar [[r.LightMaxDrawDistanceScale:0]]
[2021.01.05-17.29.35:061][  0]LogConfig: Setting CVar [[r.CapsuleShadows:0]]
[2021.01.05-17.29.35:061][  0]LogConfig: Applying CVar settings from Section [PostProcessQuality@3] File [E:/Collab New Year 3/Group28-Prototype1/Group28ProtoType1/Saved/Config/Windows/Scalability.ini]
[2021.01.05-17.29.35:061][  0]LogConfig: Setting CVar [[r.MotionBlurQuality:4]]
[2021.01.05-17.29.35:061][  0]LogConfig: Setting CVar [[r.AmbientOcclusionMipLevelFactor:0.4]]
[2021.01.05-17.29.35:061][  0]LogConfig: Setting CVar [[r.AmbientOcclusionMaxQuality:100]]
[2021.01.05-17.29.35:061][  0]LogConfig: Setting CVar [[r.AmbientOcclusionLevels:-1]]
[2021.01.05-17.29.35:061][  0]LogConfig: Setting CVar [[r.AmbientOcclusionRadiusScale:1.0]]
[2021.01.05-17.29.35:061][  0]LogConfig: Setting CVar [[r.DepthOfFieldQuality:2]]
[2021.01.05-17.29.35:061][  0]LogConfig: Setting CVar [[r.RenderTargetPoolMin:400]]
[2021.01.05-17.29.35:061][  0]LogConfig: Setting CVar [[r.LensFlareQuality:2]]
[2021.01.05-17.29.35:061][  0]LogConfig: Setting CVar [[r.SceneColorFringeQuality:1]]
[2021.01.05-17.29.35:061][  0]LogConfig: Setting CVar [[r.EyeAdaptationQuality:2]]
[2021.01.05-17.29.35:061][  0]LogConfig: Setting CVar [[r.BloomQuality:5]]
[2021.01.05-17.29.35:061][  0]LogConfig: Setting CVar [[r.FastBlurThreshold:100]]
[2021.01.05-17.29.35:061][  0]LogConfig: Setting CVar [[r.Upscale.Quality:3]]
[2021.01.05-17.29.35:061][  0]LogConfig: Setting CVar [[r.Tonemapper.GrainQuantization:1]]
[2021.01.05-17.29.35:061][  0]LogConfig: Setting CVar [[r.LightShaftQuality:1]]
[2021.01.05-17.29.35:061][  0]LogConfig: Setting CVar [[r.Filter.SizeScale:1]]
[2021.01.05-17.29.35:061][  0]LogConfig: Setting CVar [[r.Tonemapper.Quality:5]]
[2021.01.05-17.29.35:061][  0]LogConfig: Setting CVar [[r.DOF.Gather.AccumulatorQuality:1        ; higher gathering accumulator quality]]
[2021.01.05-17.29.35:061][  0]LogConfig: Setting CVar [[r.DOF.Gather.PostfilterMethod:1          ; Median3x3 postfilering method]]
[2021.01.05-17.29.35:061][  0]LogConfig: Setting CVar [[r.DOF.Gather.EnableBokehSettings:0       ; no bokeh simulation when gathering]]
[2021.01.05-17.29.35:061][  0]LogConfig: Setting CVar [[r.DOF.Gather.RingCount:4                 ; medium number of samples when gathering]]
[2021.01.05-17.29.35:061][  0]LogConfig: Setting CVar [[r.DOF.Scatter.ForegroundCompositing:1    ; additive foreground scattering]]
[2021.01.05-17.29.35:061][  0]LogConfig: Setting CVar [[r.DOF.Scatter.BackgroundCompositing:2    ; additive background scattering]]
[2021.01.05-17.29.35:061][  0]LogConfig: Setting CVar [[r.DOF.Scatter.EnableBokehSettings:1      ; bokeh simulation when scattering]]
[2021.01.05-17.29.35:061][  0]LogConfig: Setting CVar [[r.DOF.Scatter.MaxSpriteRatio:0.1         ; only a maximum of 10% of scattered bokeh]]
[2021.01.05-17.29.35:061][  0]LogConfig: Setting CVar [[r.DOF.Recombine.Quality:1                ; cheap slight out of focus]]
[2021.01.05-17.29.35:061][  0]LogConfig: Setting CVar [[r.DOF.Recombine.EnableBokehSettings:0    ; no bokeh simulation on slight out of focus]]
[2021.01.05-17.29.35:061][  0]LogConfig: Setting CVar [[r.DOF.TemporalAAQuality:1                ; more stable temporal accumulation]]
[2021.01.05-17.29.35:061][  0]LogConfig: Setting CVar [[r.DOF.Kernel.MaxForegroundRadius:0.025]]
[2021.01.05-17.29.35:061][  0]LogConfig: Setting CVar [[r.DOF.Kernel.MaxBackgroundRadius:0.025]]
[2021.01.05-17.29.35:061][  0]LogConfig: Applying CVar settings from Section [TextureQuality@2] File [E:/Collab New Year 3/Group28-Prototype1/Group28ProtoType1/Saved/Config/Windows/Scalability.ini]
[2021.01.05-17.29.35:061][  0]LogConfig: Setting CVar [[r.Streaming.MipBias:0]]
[2021.01.05-17.29.35:061][  0]LogConfig: Setting CVar [[r.Streaming.AmortizeCPUToGPUCopy:0]]
[2021.01.05-17.29.35:061][  0]LogConfig: Setting CVar [[r.Streaming.MaxNumTexturesToStreamPerFrame:0]]
[2021.01.05-17.29.35:061][  0]LogConfig: Setting CVar [[r.Streaming.Boost:1]]
[2021.01.05-17.29.35:061][  0]LogConfig: Setting CVar [[r.MaxAnisotropy:4]]
[2021.01.05-17.29.35:061][  0]LogConfig: Setting CVar [[r.VT.MaxAnisotropy:8]]
[2021.01.05-17.29.35:061][  0]LogConfig: Setting CVar [[r.Streaming.LimitPoolSizeToVRAM:1]]
[2021.01.05-17.29.35:061][  0]LogConfig: Setting CVar [[r.Streaming.PoolSize:800]]
[2021.01.05-17.29.35:061][  0]LogConfig: Setting CVar [[r.Streaming.MaxEffectiveScreenSize:0]]
[2021.01.05-17.29.35:061][  0]LogConfig: Applying CVar settings from Section [EffectsQuality@2] File [E:/Collab New Year 3/Group28-Prototype1/Group28ProtoType1/Saved/Config/Windows/Scalability.ini]
[2021.01.05-17.29.35:061][  0]LogConfig: Setting CVar [[r.TranslucencyLightingVolumeDim:48]]
[2021.01.05-17.29.35:061][  0]LogConfig: Setting CVar [[r.RefractionQuality:2]]
[2021.01.05-17.29.35:061][  0]LogConfig: Setting CVar [[r.SSR.Quality:2]]
[2021.01.05-17.29.35:061][  0]LogConfig: Setting CVar [[r.SSR.HalfResSceneColor:1]]
[2021.01.05-17.29.35:061][  0]LogConfig: Setting CVar [[r.SceneColorFormat:3]]
[2021.01.05-17.29.35:061][  0]LogConfig: Setting CVar [[r.DetailMode:1]]
[2021.01.05-17.29.35:061][  0]LogConfig: Setting CVar [[r.TranslucencyVolumeBlur:1]]
[2021.01.05-17.29.35:062][  0]LogConfig: Setting CVar [[r.MaterialQualityLevel:1 ; High quality]]
[2021.01.05-17.29.35:062][  0]LogConfig: Setting CVar [[r.SSS.Scale:1]]
[2021.01.05-17.29.35:062][  0]LogConfig: Setting CVar [[r.SSS.SampleSet:1]]
[2021.01.05-17.29.35:062][  0]LogConfig: Setting CVar [[r.SSS.Quality:-1]]
[2021.01.05-17.29.35:062][  0]LogConfig: Setting CVar [[r.SSS.HalfRes:1]]
[2021.01.05-17.29.35:062][  0]LogConfig: Setting CVar [[r.SSGI.Quality:2]]
[2021.01.05-17.29.35:062][  0]LogConfig: Setting CVar [[r.EmitterSpawnRateScale:0.5]]
[2021.01.05-17.29.35:062][  0]LogConfig: Setting CVar [[r.ParticleLightQuality:1]]
[2021.01.05-17.29.35:062][  0]LogConfig: Setting CVar [[r.SkyAtmosphere.AerialPerspectiveLUT.FastApplyOnOpaque:1 ; Always have FastSkyLUT 1 in this case to avoid wrong sky]]
[2021.01.05-17.29.35:062][  0]LogConfig: Setting CVar [[r.SkyAtmosphere.AerialPerspectiveLUT.SampleCountPerSlice:1]]
[2021.01.05-17.29.35:062][  0]LogConfig: Setting CVar [[r.SkyAtmosphere.AerialPerspectiveLUT.DepthResolution:16.0]]
[2021.01.05-17.29.35:062][  0]LogConfig: Setting CVar [[r.SkyAtmosphere.FastSkyLUT:1]]
[2021.01.05-17.29.35:062][  0]LogConfig: Setting CVar [[r.SkyAtmosphere.FastSkyLUT.SampleCountMin:4.0]]
[2021.01.05-17.29.35:062][  0]LogConfig: Setting CVar [[r.SkyAtmosphere.FastSkyLUT.SampleCountMax:32.0]]
[2021.01.05-17.29.35:062][  0]LogConfig: Setting CVar [[r.SkyAtmosphere.SampleCountMin:4.0]]
[2021.01.05-17.29.35:062][  0]LogConfig: Setting CVar [[r.SkyAtmosphere.SampleCountMax:32.0]]
[2021.01.05-17.29.35:062][  0]LogConfig: Setting CVar [[r.SkyAtmosphere.TransmittanceLUT.UseSmallFormat:0]]
[2021.01.05-17.29.35:062][  0]LogConfig: Setting CVar [[r.SkyAtmosphere.TransmittanceLUT.SampleCount:10.0]]
[2021.01.05-17.29.35:062][  0]LogConfig: Setting CVar [[r.SkyAtmosphere.MultiScatteringLUT.SampleCount:15.0]]
[2021.01.05-17.29.35:062][  0]LogConfig: Applying CVar settings from Section [FoliageQuality@1] File [E:/Collab New Year 3/Group28-Prototype1/Group28ProtoType1/Saved/Config/Windows/Scalability.ini]
[2021.01.05-17.29.35:062][  0]LogConfig: Setting CVar [[foliage.DensityScale:0.4]]
[2021.01.05-17.29.35:062][  0]LogConfig: Setting CVar [[grass.DensityScale:0.4]]
[2021.01.05-17.29.35:062][  0]LogConfig: Applying CVar settings from Section [ShadingQuality@2] File [E:/Collab New Year 3/Group28-Prototype1/Group28ProtoType1/Saved/Config/Windows/Scalability.ini]
[2021.01.05-17.29.35:062][  0]LogConfig: Setting CVar [[r.HairStrands.SkyLighting.SampleCount:16]]
[2021.01.05-17.29.35:062][  0]LogConfig: Setting CVar [[r.HairStrands.SkyLighting.JitterIntegration:0]]
[2021.01.05-17.29.35:062][  0]LogConfig: Setting CVar [[r.HairStrands.SkyAO.SampleCount:16]]
[2021.01.05-17.29.35:062][  0]LogConfig: Setting CVar [[r.HairStrands.DeepShadow.SuperSampling:0]]
[2021.01.05-17.29.35:062][  0]LogConfig: Setting CVar [[r.HairStrands.VisibilityPPLL:0]]
[2021.01.05-17.29.35:062][  0]LogConfig: Setting CVar [[r.HairStrands.RasterizationScale:0.5]]
[2021.01.05-17.29.35:062][  0]LogConfig: Setting CVar [[r.HairStrands.VelocityRasterizationScale:1]]
[2021.01.05-17.29.35:062][  0]LogConfig: Applying CVar settings from Section [Startup] File [../../../Engine/Config/ConsoleVariables.ini]
[2021.01.05-17.29.35:063][  0]LogConfig: Setting CVar [[net.UseAdaptiveNetUpdateFrequency:0]]
[2021.01.05-17.29.35:063][  0]LogConfig: Setting CVar [[p.chaos.AllowCreatePhysxBodies:1]]
[2021.01.05-17.29.35:063][  0]LogConfig: Setting CVar [[fx.SkipVectorVMBackendOptimizations:1]]
[2021.01.05-17.29.35:063][  0]LogConfig: Applying CVar settings from Section [ConsoleVariables] File [E:/Collab New Year 3/Group28-Prototype1/Group28ProtoType1/Saved/Config/Windows/Engine.ini]
[2021.01.05-17.29.35:063][  0]LogInit: Computer: DESKTOP
[2021.01.05-17.29.35:063][  0]LogInit: User: Harley
[2021.01.05-17.29.35:063][  0]LogInit: CPU Page size=4096, Cores=4
[2021.01.05-17.29.35:063][  0]LogInit: High frequency timer resolution =10.000000 MHz
[2021.01.05-17.29.35:063][  0]LogMemory: Memory total: Physical=8.0GB (8GB approx)
[2021.01.05-17.29.35:063][  0]LogMemory: Platform Memory Stats for Windows
[2021.01.05-17.29.35:063][  0]LogMemory: Process Physical Memory: 115.61 MB used, 115.61 MB peak
[2021.01.05-17.29.35:063][  0]LogMemory: Process Virtual Memory: 98.27 MB used, 98.27 MB peak
[2021.01.05-17.29.35:063][  0]LogMemory: Physical Memory: 5407.84 MB used,  2748.83 MB free, 8156.67 MB total
[2021.01.05-17.29.35:063][  0]LogMemory: Virtual Memory: 5146.20 MB used,  134212584.00 MB free, 134217728.00 MB total
[2021.01.05-17.29.35:072][  0]LogWindows: WindowsPlatformFeatures enabled
[2021.01.05-17.29.35:166][  0]LogInit: Physics initialised using underlying interface: PhysX
[2021.01.05-17.29.35:167][  0]LogInit: Using OS detected language (en-GB).
[2021.01.05-17.29.35:167][  0]LogInit: Using OS detected locale (en-GB).
[2021.01.05-17.29.35:169][  0]LogTextLocalizationManager: No specific localization for 'en-GB' exists, so the 'en' localization will be used.
[2021.01.05-17.29.35:534][  0]LogInit: Setting process to per monitor DPI aware
[2021.01.05-17.29.35:577][  0]LogSlate: New Slate User Created.  User Index 0, Is Virtual User: 0
[2021.01.05-17.29.35:577][  0]LogSlate: Slate User Registered.  User Index 0, Is Virtual User: 0
[2021.01.05-17.29.35:749][  0]LogHMD: Failed to initialize OpenVR with code 110
[2021.01.05-17.29.35:749][  0]LogD3D11RHI: D3D11 min allowed feature level: 11_0
[2021.01.05-17.29.35:749][  0]LogD3D11RHI: D3D11 max allowed feature level: 11_0
[2021.01.05-17.29.35:749][  0]LogD3D11RHI: D3D11 adapters:
[2021.01.05-17.29.35:854][  0]LogD3D11RHI:    0. 'NVIDIA GeForce GTX 1660' (Feature Level 11_0)
[2021.01.05-17.29.35:854][  0]LogD3D11RHI:       5991/0/4078 MB DedicatedVideo/DedicatedSystem/SharedSystem, Outputs:1, VendorId:0x10de
[2021.01.05-17.29.35:859][  0]LogD3D11RHI:    1. 'Microsoft Basic Render Driver' (Feature Level 11_0)
[2021.01.05-17.29.35:859][  0]LogD3D11RHI:       0/0/4078 MB DedicatedVideo/DedicatedSystem/SharedSystem, Outputs:0, VendorId:0x1414
[2021.01.05-17.29.35:859][  0]LogD3D11RHI: Chosen D3D11 Adapter: 0
[2021.01.05-17.29.35:870][  0]LogD3D11RHI: Creating new Direct3DDevice
[2021.01.05-17.29.35:870][  0]LogD3D11RHI:     GPU DeviceId: 0x2184 (for the marketing name, search the web for "GPU Device Id")
[2021.01.05-17.29.35:870][  0]LogWindows: EnumDisplayDevices:
[2021.01.05-17.29.35:871][  0]LogWindows:    0. 'NVIDIA GeForce GTX 1660' (P:1 D:1)
[2021.01.05-17.29.35:871][  0]LogWindows:    1. 'NVIDIA GeForce GTX 1660' (P:0 D:0)
[2021.01.05-17.29.35:872][  0]LogWindows:    2. 'NVIDIA GeForce GTX 1660' (P:0 D:0)
[2021.01.05-17.29.35:873][  0]LogWindows:    3. 'NVIDIA GeForce GTX 1660' (P:0 D:0)
[2021.01.05-17.29.35:873][  0]LogWindows: DebugString: FoundDriverCount:4 
[2021.01.05-17.29.35:873][  0]LogD3D11RHI:     Adapter Name: NVIDIA GeForce GTX 1660
[2021.01.05-17.29.35:873][  0]LogD3D11RHI:   Driver Version: 456.55 (internal:27.21.14.5655, unified:456.55)
[2021.01.05-17.29.35:873][  0]LogD3D11RHI:      Driver Date: 9-24-2020
[2021.01.05-17.29.35:873][  0]LogRHI: Texture pool is 4193 MB (70% of 5991 MB)
[2021.01.05-17.29.35:941][  0]LogD3D11RHI: RHI has support for 64 bit atomics
[2021.01.05-17.29.35:946][  0]LogD3D11RHI: [Aftermath] Enabled and primed
[2021.01.05-17.29.35:946][  0]LogD3D11RHI: Async texture creation enabled
[2021.01.05-17.29.35:946][  0]LogD3D11RHI: Array index from any shader is supported
[2021.01.05-17.29.35:969][  0]LogD3D11RHI: GPU Timing Frequency: 1000.000000 (Debug: 2 1)
[2021.01.05-17.29.36:441][  0]LogTargetPlatformManager: Display: Loaded TargetPlatform 'AllDesktop'
[2021.01.05-17.29.36:479][  0]LogTargetPlatformManager: Display: Loaded TargetPlatform 'Android'
[2021.01.05-17.29.36:479][  0]LogTargetPlatformManager: Display: Loaded TargetPlatform 'Android_ASTC'
[2021.01.05-17.29.36:479][  0]LogTargetPlatformManager: Display: Loaded TargetPlatform 'Android_DXT'
[2021.01.05-17.29.36:479][  0]LogTargetPlatformManager: Display: Loaded TargetPlatform 'Android_ETC2'
[2021.01.05-17.29.36:479][  0]LogTargetPlatformManager: Display: Loaded TargetPlatform 'AndroidClient'
[2021.01.05-17.29.36:479][  0]LogTargetPlatformManager: Display: Loaded TargetPlatform 'Android_ASTCClient'
[2021.01.05-17.29.36:479][  0]LogTargetPlatformManager: Display: Loaded TargetPlatform 'Android_DXTClient'
[2021.01.05-17.29.36:479][  0]LogTargetPlatformManager: Display: Loaded TargetPlatform 'Android_ETC2Client'
[2021.01.05-17.29.36:479][  0]LogTargetPlatformManager: Display: Loaded TargetPlatform 'Android_Multi'
[2021.01.05-17.29.36:479][  0]LogTargetPlatformManager: Display: Loaded TargetPlatform 'Android_MultiClient'
[2021.01.05-17.29.36:514][  0]LogTargetPlatformManager: Display: Loaded TargetPlatform 'IOSClient'
[2021.01.05-17.29.36:514][  0]LogTargetPlatformManager: Display: Loaded TargetPlatform 'IOS'
[2021.01.05-17.29.36:529][  0]LogTargetPlatformManager: Display: Loaded TargetPlatform 'Linux'
[2021.01.05-17.29.36:544][  0]LogTargetPlatformManager: Display: Loaded TargetPlatform 'LinuxNoEditor'
[2021.01.05-17.29.36:556][  0]LogTargetPlatformManager: Display: Loaded TargetPlatform 'LinuxClient'
[2021.01.05-17.29.36:568][  0]LogTargetPlatformManager: Display: Loaded TargetPlatform 'LinuxServer'
[2021.01.05-17.29.36:582][  0]LogTargetPlatformManager: Display: Loaded TargetPlatform 'LinuxAArch64NoEditor'
[2021.01.05-17.29.36:594][  0]LogTargetPlatformManager: Display: Loaded TargetPlatform 'LinuxAArch64Client'
[2021.01.05-17.29.36:609][  0]LogTargetPlatformManager: Display: Loaded TargetPlatform 'LinuxAArch64Server'
[2021.01.05-17.29.36:655][  0]LogTargetPlatformManager: Display: Loaded TargetPlatform 'Lumin'
[2021.01.05-17.29.36:655][  0]LogTargetPlatformManager: Display: Loaded TargetPlatform 'LuminClient'
[2021.01.05-17.29.36:679][  0]LogTargetPlatformManager: Display: Loaded TargetPlatform 'TVOSClient'
[2021.01.05-17.29.36:679][  0]LogTargetPlatformManager: Display: Loaded TargetPlatform 'TVOS'
[2021.01.05-17.29.36:696][  0]LogTargetPlatformManager: Display: Loaded TargetPlatform 'WindowsNoEditor'
[2021.01.05-17.29.36:710][  0]LogTargetPlatformManager: Display: Loaded TargetPlatform 'Windows'
[2021.01.05-17.29.36:727][  0]LogTargetPlatformManager: Display: Loaded TargetPlatform 'WindowsClient'
[2021.01.05-17.29.36:742][  0]LogTargetPlatformManager: Display: Loaded TargetPlatform 'WindowsServer'
[2021.01.05-17.29.36:742][  0]LogTargetPlatformManager: Display: Building Assets For Windows
[2021.01.05-17.29.36:753][  0]LogAudioDebug: Display: Lib vorbis DLL was dynamically loaded.
[2021.01.05-17.29.36:838][  0]LogShaderCompilers: Guid format shader working directory is -22 characters bigger than the processId version (../../../../../Collab New Year 3/Group28-Prototype1/Group28ProtoType1/Intermediate/Shaders/WorkingDirectory/5036/).
[2021.01.05-17.29.36:838][  0]LogShaderCompilers: Cleaned the shader compiler working directory 'C:/Users/Harley/AppData/Local/Temp/UnrealShaderWorkingDir/398CEFF24A4BF550B7781CB439827CEF/'.
[2021.01.05-17.29.36:839][  0]LogXGEController: Cannot use XGE Controller as Incredibuild is not installed on this machine.
[2021.01.05-17.29.36:839][  0]LogShaderCompilers: Cannot use XGE Shader Compiler as Incredibuild is not installed on this machine.
[2021.01.05-17.29.36:839][  0]LogShaderCompilers: Display: Using Local Shader Compiler.
[2021.01.05-17.29.37:860][  0]LogDerivedDataCache: Display: Max Cache Size: 512 MB
[2021.01.05-17.29.37:986][  0]LogDerivedDataCache: Loaded boot cache 0.13s 89MB C:/Users/Harley/AppData/Local/UnrealEngine/4.25/DerivedDataCache/Boot.ddc.
[2021.01.05-17.29.37:986][  0]LogDerivedDataCache: Display: Loaded Boot cache: C:/Users/Harley/AppData/Local/UnrealEngine/4.25/DerivedDataCache/Boot.ddc
[2021.01.05-17.29.37:986][  0]LogDerivedDataCache: FDerivedDataBackendGraph:  Pak pak cache file ../../../../../Collab New Year 3/Group28-Prototype1/Group28ProtoType1/DerivedDataCache/DDC.ddp not found, will not use a pak cache.
[2021.01.05-17.29.37:986][  0]LogDerivedDataCache: Unable to find inner node Pak for hierarchical cache Hierarchy.
[2021.01.05-17.29.37:986][  0]LogDerivedDataCache: FDerivedDataBackendGraph:  CompressedPak pak cache file ../../../../../Collab New Year 3/Group28-Prototype1/Group28ProtoType1/DerivedDataCache/Compressed.ddp not found, will not use a pak cache.
[2021.01.05-17.29.37:986][  0]LogDerivedDataCache: Unable to find inner node CompressedPak for hierarchical cache Hierarchy.
[2021.01.05-17.29.37:999][  0]LogDerivedDataCache: Display: Pak cache opened for reading ../../../Engine/DerivedDataCache/Compressed.ddp.
[2021.01.05-17.29.37:999][  0]LogDerivedDataCache: FDerivedDataBackendGraph:  EnterprisePak pak cache file ../../../Enterprise/DerivedDataCache/Compressed.ddp not found, will not use a pak cache.
[2021.01.05-17.29.37:999][  0]LogDerivedDataCache: Unable to find inner node EnterprisePak for hierarchical cache Hierarchy.
[2021.01.05-17.29.38:001][  0]LogDerivedDataCache: Using Local data cache path C:/Users/Harley/AppData/Local/UnrealEngine/Common/DerivedDataCache: Writable
[2021.01.05-17.29.38:001][  0]LogDerivedDataCache: Shared data cache path not found in *engine.ini, will not use an Shared cache.
[2021.01.05-17.29.38:001][  0]LogDerivedDataCache: Unable to find inner node Shared for hierarchical cache Hierarchy.
[2021.01.05-17.29.39:649][  0]LogSlate: Using FreeType 2.10.0
[2021.01.05-17.29.39:650][  0]LogSlate: SlateFontServices - WITH_FREETYPE: 1, WITH_HARFBUZZ: 1
[2021.01.05-17.29.39:691][  0]LogShaderCompilers: Display: Worker (1/5): shaders left to compile 2715
[2021.01.05-17.29.39:691][  0]LogShaderCompilers: Display: Worker (2/5): shaders left to compile 2714
[2021.01.05-17.29.39:691][  0]LogShaderCompilers: Display: Worker (3/5): shaders left to compile 2713
[2021.01.05-17.29.39:691][  0]LogShaderCompilers: Display: Worker (4/5): shaders left to compile 2712
[2021.01.05-17.29.39:691][  0]LogShaderCompilers: Display: Worker (5/5): shaders left to compile 2711
[2021.01.05-17.29.39:691][  0]LogAssetRegistry: FAssetRegistry took 0.0050 seconds to start up
[2021.01.05-17.29.40:095][  0]LogInit: Selected Device Profile: [Windows]
[2021.01.05-17.29.40:152][  0]LogMaterial: Display: Missing cached shader map for material DefaultDeferredDecalMaterial, compiling. 
[2021.01.05-17.29.42:143][  0]LogShaderCompilers: Display: Worker (4/5): shaders left to compile 2858
[2021.01.05-17.29.42:144][  0]LogShaderCompilers: Display: Worker (4/5): shaders left to compile 2857
[2021.01.05-17.29.42:144][  0]LogShaderCompilers: Display: Worker (3/5): shaders left to compile 2856
[2021.01.05-17.29.42:716][  0]LogShaderCompilers: Display: Worker (3/5): shaders left to compile 2855
[2021.01.05-17.29.42:716][  0]LogShaderCompilers: Display: Worker (2/5): shaders left to compile 2854
[2021.01.05-17.29.42:716][  0]LogShaderCompilers: Display: Worker (4/5): shaders left to compile 2853
[2021.01.05-17.29.42:716][  0]LogShaderCompilers: Display: Worker (5/5): shaders left to compile 2852
[2021.01.05-17.29.43:275][  0]LogShaderCompilers: Display: Worker (5/5): shaders left to compile 2851
[2021.01.05-17.29.43:275][  0]LogShaderCompilers: Display: Worker (2/5): shaders left to compile 2850
[2021.01.05-17.29.43:275][  0]LogShaderCompilers: Display: Worker (4/5): shaders left to compile 2849
[2021.01.05-17.29.43:275][  0]LogShaderCompilers: Display: Worker (3/5): shaders left to compile 2848
[2021.01.05-17.29.43:275][  0]LogShaderCompilers: Display: Worker (5/5): shaders left to compile 2847
[2021.01.05-17.29.43:839][  0]LogShaderCompilers: Display: Worker (2/5): shaders left to compile 2846
[2021.01.05-17.29.43:839][  0]LogShaderCompilers: Display: Worker (3/5): shaders left to compile 2845
[2021.01.05-17.29.43:839][  0]LogShaderCompilers: Display: Worker (4/5): shaders left to compile 2844
[2021.01.05-17.29.43:839][  0]LogShaderCompilers: Display: Worker (5/5): shaders left to compile 2843
[2021.01.05-17.29.44:396][  0]LogShaderCompilers: Display: Worker (3/5): shaders left to compile 2842
[2021.01.05-17.29.44:396][  0]LogShaderCompilers: Display: Worker (2/5): shaders left to compile 2841
[2021.01.05-17.29.44:396][  0]LogShaderCompilers: Display: Worker (4/5): shaders left to compile 2840
[2021.01.05-17.29.44:959][  0]LogShaderCompilers: Display: Worker (5/5): shaders left to compile 2839
[2021.01.05-17.29.44:959][  0]LogShaderCompilers: Display: Worker (2/5): shaders left to compile 2838
[2021.01.05-17.29.44:959][  0]LogShaderCompilers: Display: Worker (3/5): shaders left to compile 2837
[2021.01.05-17.29.44:959][  0]LogShaderCompilers: Display: Worker (4/5): shaders left to compile 2836
[2021.01.05-17.29.44:959][  0]LogShaderCompilers: Display: Worker (5/5): shaders left to compile 2835
[2021.01.05-17.29.45:515][  0]LogShaderCompilers: Display: Worker (3/5): shaders left to compile 2834
[2021.01.05-17.29.45:515][  0]LogShaderCompilers: Display: Worker (2/5): shaders left to compile 2833
[2021.01.05-17.29.45:515][  0]LogShaderCompilers: Display: Worker (4/5): shaders left to compile 2832
[2021.01.05-17.29.45:515][  0]LogShaderCompilers: Display: Worker (3/5): shaders left to compile 2831
[2021.01.05-17.29.45:515][  0]LogShaderCompilers: Display: Worker (5/5): shaders left to compile 2830
[2021.01.05-17.29.46:076][  0]LogShaderCompilers: Display: Worker (4/5): shaders left to compile 2829
[2021.01.05-17.29.46:076][  0]LogShaderCompilers: Display: Worker (2/5): shaders left to compile 2828
[2021.01.05-17.29.46:076][  0]LogShaderCompilers: Display: Worker (3/5): shaders left to compile 2827
[2021.01.05-17.29.46:076][  0]LogShaderCompilers: Display: Worker (5/5): shaders left to compile 2826
[2021.01.05-17.29.46:076][  0]LogShaderCompilers: Display: Worker (4/5): shaders left to compile 2825
[2021.01.05-17.29.46:635][  0]LogShaderCompilers: Display: Worker (2/5): shaders left to compile 2824
[2021.01.05-17.29.46:635][  0]LogShaderCompilers: Display: Worker (4/5): shaders left to compile 2823
[2021.01.05-17.29.46:635][  0]LogShaderCompilers: Display: Worker (3/5): shaders left to compile 2822
[2021.01.05-17.29.47:189][  0]LogShaderCompilers: Display: Worker (2/5): shaders left to compile 2821
[2021.01.05-17.29.47:189][  0]LogShaderCompilers: Display: Worker (4/5): shaders left to compile 2820
[2021.01.05-17.29.47:189][  0]LogShaderCompilers: Display: Worker (3/5): shaders left to compile 2819
[2021.01.05-17.29.47:189][  0]LogShaderCompilers: Display: Worker (2/5): shaders left to compile 2818
[2021.01.05-17.29.47:754][  0]LogShaderCompilers: Display: Worker (4/5): shaders left to compile 2817
[2021.01.05-17.29.47:754][  0]LogShaderCompilers: Display: Worker (3/5): shaders left to compile 2816
[2021.01.05-17.29.47:754][  0]LogShaderCompilers: Display: Worker (5/5): shaders left to compile 2815
[2021.01.05-17.29.47:754][  0]LogShaderCompilers: Display: Worker (4/5): shaders left to compile 2814
[2021.01.05-17.29.47:754][  0]LogShaderCompilers: Display: Worker (2/5): shaders left to compile 2813
[2021.01.05-17.29.47:754][  0]LogShaderCompilers: Display: Worker (3/5): shaders left to compile 2812
[2021.01.05-17.29.48:309][  0]LogShaderCompilers: Display: Worker (5/5): shaders left to compile 2811
[2021.01.05-17.29.48:309][  0]LogShaderCompilers: Display: Worker (4/5): shaders left to compile 2810
[2021.01.05-17.29.48:309][  0]LogShaderCompilers: Display: Worker (2/5): shaders left to compile 2809
[2021.01.05-17.29.48:309][  0]LogShaderCompilers: Display: Worker (3/5): shaders left to compile 2808
[2021.01.05-17.29.48:309][  0]LogShaderCompilers: Display: Worker (4/5): shaders left to compile 2807
[2021.01.05-17.29.48:309][  0]LogShaderCompilers: Display: Worker (5/5): shaders left to compile 2806
[2021.01.05-17.29.48:869][  0]LogShaderCompilers: Display: Worker (3/5): shaders left to compile 2805
[2021.01.05-17.29.48:869][  0]LogShaderCompilers: Display: Worker (2/5): shaders left to compile 2804
[2021.01.05-17.29.48:869][  0]LogShaderCompilers: Display: Worker (4/5): shaders left to compile 2803
[2021.01.05-17.29.48:869][  0]LogShaderCompilers: Display: Worker (5/5): shaders left to compile 2802
[2021.01.05-17.29.49:430][  0]LogShaderCompilers: Display: Worker (2/5): shaders left to compile 2801
[2021.01.05-17.29.49:430][  0]LogShaderCompilers: Display: Worker (4/5): shaders left to compile 2800
[2021.01.05-17.29.49:430][  0]LogShaderCompilers: Display: Worker (3/5): shaders left to compile 2799
[2021.01.05-17.29.49:430][  0]LogShaderCompilers: Display: Worker (2/5): shaders left to compile 2798
[2021.01.05-17.29.49:430][  0]LogShaderCompilers: Display: Worker (5/5): shaders left to compile 2797
[2021.01.05-17.29.49:994][  0]LogShaderCompilers: Display: Worker (4/5): shaders left to compile 2796
[2021.01.05-17.29.49:994][  0]LogShaderCompilers: Display: Worker (3/5): shaders left to compile 2795
[2021.01.05-17.29.49:994][  0]LogShaderCompilers: Display: Worker (2/5): shaders left to compile 2794
[2021.01.05-17.29.49:994][  0]LogShaderCompilers: Display: Worker (5/5): shaders left to compile 2793
[2021.01.05-17.29.49:994][  0]LogShaderCompilers: Display: Worker (4/5): shaders left to compile 2792
[2021.01.05-17.29.50:553][  0]LogShaderCompilers: Display: Worker (3/5): shaders left to compile 2791
[2021.01.05-17.29.50:553][  0]LogShaderCompilers: Display: Worker (2/5): shaders left to compile 2790
[2021.01.05-17.29.50:553][  0]LogShaderCompilers: Display: Worker (5/5): shaders left to compile 2789
[2021.01.05-17.29.50:553][  0]LogShaderCompilers: Display: Worker (4/5): shaders left to compile 2788
[2021.01.05-17.29.50:553][  0]LogShaderCompilers: Display: Worker (3/5): shaders left to compile 2787
[2021.01.05-17.29.50:553][  0]LogShaderCompilers: Display: Worker (3/5): shaders left to compile 2786
[2021.01.05-17.29.50:553][  0]LogShaderCompilers: Display: Worker (2/5): shaders left to compile 2785
[2021.01.05-17.29.51:109][  0]LogShaderCompilers: Display: Worker (5/5): shaders left to compile 2784
[2021.01.05-17.29.51:109][  0]LogShaderCompilers: Display: Worker (3/5): shaders left to compile 2783
[2021.01.05-17.29.51:109][  0]LogShaderCompilers: Display: Worker (2/5): shaders left to compile 2782
[2021.01.05-17.29.51:109][  0]LogShaderCompilers: Display: Worker (3/5): shaders left to compile 2781
[2021.01.05-17.29.51:109][  0]LogShaderCompilers: Display: Worker (4/5): shaders left to compile 2780
[2021.01.05-17.29.51:109][  0]LogShaderCompilers: Display: Worker (5/5): shaders left to compile 2779
[2021.01.05-17.29.51:109][  0]LogShaderCompilers: Display: Worker (2/5): shaders left to compile 2778
[2021.01.05-17.29.51:109][  0]LogShaderCompilers: Display: Worker (2/5): shaders left to compile 2777
[2021.01.05-17.29.51:109][  0]LogShaderCompilers: Display: Worker (3/5): shaders left to compile 2776
[2021.01.05-17.29.51:109][  0]LogShaderCompilers: Display: Worker (5/5): shaders left to compile 2775
[2021.01.05-17.29.51:669][  0]LogShaderCompilers: Display: Worker (4/5): shaders left to compile 2774
[2021.01.05-17.29.51:669][  0]LogShaderCompilers: Display: Worker (5/5): shaders left to compile 2773
[2021.01.05-17.29.51:669][  0]LogShaderCompilers: Display: Worker (4/5): shaders left to compile 2772
[2021.01.05-17.29.51:669][  0]LogShaderCompilers: Display: Worker (3/5): shaders left to compile 2771
[2021.01.05-17.29.51:669][  0]LogShaderCompilers: Display: Worker (2/5): shaders left to compile 2770
[2021.01.05-17.29.52:231][  0]LogShaderCompilers: Display: Worker (2/5): shaders left to compile 2769
[2021.01.05-17.29.52:231][  0]LogShaderCompilers: Display: Worker (5/5): shaders left to compile 2768
[2021.01.05-17.29.52:231][  0]LogShaderCompilers: Display: Worker (3/5): shaders left to compile 2767
[2021.01.05-17.29.52:231][  0]LogShaderCompilers: Display: Worker (2/5): shaders left to compile 2766
[2021.01.05-17.29.52:231][  0]LogShaderCompilers: Display: Worker (5/5): shaders left to compile 2765
[2021.01.05-17.29.52:231][  0]LogShaderCompilers: Display: Worker (3/5): shaders left to compile 2764
[2021.01.05-17.29.52:231][  0]LogShaderCompilers: Display: Worker (4/5): shaders left to compile 2763
[2021.01.05-17.29.52:789][  0]LogShaderCompilers: Display: Worker (4/5): shaders left to compile 2762
[2021.01.05-17.29.53:351][  0]LogShaderCompilers: Display: Worker (4/5): shaders left to compile 2761
[2021.01.05-17.29.53:351][  0]LogShaderCompilers: Display: Worker (4/5): shaders left to compile 2760
[2021.01.05-17.29.53:351][  0]LogShaderCompilers: Display: Worker (3/5): shaders left to compile 2759
[2021.01.05-17.29.53:906][  0]LogShaderCompilers: Display: Worker (4/5): shaders left to compile 2758
[2021.01.05-17.29.53:906][  0]LogShaderCompilers: Display: Worker (5/5): shaders left to compile 2757
[2021.01.05-17.29.53:906][  0]LogShaderCompilers: Display: Worker (4/5): shaders left to compile 2756
[2021.01.05-17.29.53:906][  0]LogShaderCompilers: Display: Worker (5/5): shaders left to compile 2755
[2021.01.05-17.29.53:906][  0]LogShaderCompilers: Display: Worker (3/5): shaders left to compile 2754
[2021.01.05-17.29.53:906][  0]LogShaderCompilers: Display: Worker (4/5): shaders left to compile 2753
[2021.01.05-17.29.54:465][  0]LogShaderCompilers: Display: Worker (3/5): shaders left to compile 2752
[2021.01.05-17.29.54:465][  0]LogShaderCompilers: Display: Worker (5/5): shaders left to compile 2751
[2021.01.05-17.29.54:465][  0]LogShaderCompilers: Display: Worker (4/5): shaders left to compile 2750
[2021.01.05-17.29.54:465][  0]LogShaderCompilers: Display: Worker (5/5): shaders left to compile 2749
[2021.01.05-17.29.54:465][  0]LogShaderCompilers: Display: Worker (3/5): shaders left to compile 2748
[2021.01.05-17.29.55:031][  0]LogShaderCompilers: Display: Worker (4/5): shaders left to compile 2747
[2021.01.05-17.29.55:031][  0]LogShaderCompilers: Display: Worker (3/5): shaders left to compile 2746
[2021.01.05-17.29.55:031][  0]LogShaderCompilers: Display: Worker (4/5): shaders left to compile 2745
[2021.01.05-17.29.55:591][  0]LogShaderCompilers: Display: Worker (5/5): shaders left to compile 2744
[2021.01.05-17.29.55:591][  0]LogShaderCompilers: Display: Worker (3/5): shaders left to compile 2743
[2021.01.05-17.29.56:155][  0]LogShaderCompilers: Display: Worker (5/5): shaders left to compile 2742
[2021.01.05-17.29.56:155][  0]LogShaderCompilers: Display: Worker (4/5): shaders left to compile 2741
[2021.01.05-17.29.56:155][  0]LogShaderCompilers: Display: Worker (3/5): shaders left to compile 2740
[2021.01.05-17.29.56:155][  0]LogShaderCompilers: Display: Worker (4/5): shaders left to compile 2739
[2021.01.05-17.29.56:155][  0]LogShaderCompilers: Display: Worker (5/5): shaders left to compile 2738
[2021.01.05-17.29.56:155][  0]LogShaderCompilers: Display: Worker (3/5): shaders left to compile 2737
[2021.01.05-17.29.56:719][  0]LogShaderCompilers: Display: Worker (4/5): shaders left to compile 2736
[2021.01.05-17.29.56:719][  0]LogShaderCompilers: Display: Worker (3/5): shaders left to compile 2735
[2021.01.05-17.29.57:309][  0]LogShaderCompilers: Display: Worker (4/5): shaders left to compile 2734
[2021.01.05-17.29.57:309][  0]LogShaderCompilers: Display: Worker (5/5): shaders left to compile 2733
[2021.01.05-17.29.57:309][  0]LogShaderCompilers: Display: Worker (4/5): shaders left to compile 2732
[2021.01.05-17.29.57:309][  0]LogShaderCompilers: Display: Worker (3/5): shaders left to compile 2731
[2021.01.05-17.29.58:434][  0]LogShaderCompilers: Display: Worker (5/5): shaders left to compile 2730
[2021.01.05-17.29.58:434][  0]LogShaderCompilers: Display: Worker (3/5): shaders left to compile 2729
[2021.01.05-17.29.58:434][  0]LogShaderCompilers: Display: Worker (4/5): shaders left to compile 2728
[2021.01.05-17.29.58:434][  0]LogShaderCompilers: Display: Worker (5/5): shaders left to compile 2727
[2021.01.05-17.29.58:998][  0]LogShaderCompilers: Display: Worker (3/5): shaders left to compile 2726
[2021.01.05-17.29.58:998][  0]LogShaderCompilers: Display: Worker (4/5): shaders left to compile 2725
[2021.01.05-17.29.58:998][  0]LogShaderCompilers: Display: Worker (3/5): shaders left to compile 2724
[2021.01.05-17.29.58:998][  0]LogShaderCompilers: Display: Worker (3/5): shaders left to compile 2723
[2021.01.05-17.29.59:593][  0]LogShaderCompilers: Display: Worker (5/5): shaders left to compile 2722
[2021.01.05-17.29.59:593][  0]LogShaderCompilers: Display: Worker (3/5): shaders left to compile 2721
[2021.01.05-17.29.59:593][  0]LogShaderCompilers: Display: Worker (4/5): shaders left to compile 2720
[2021.01.05-17.30.00:166][  0]LogShaderCompilers: Display: Worker (5/5): shaders left to compile 2719
[2021.01.05-17.30.00:166][  0]LogShaderCompilers: Display: Worker (3/5): shaders left to compile 2718
[2021.01.05-17.30.00:166][  0]LogShaderCompilers: Display: Worker (4/5): shaders left to compile 2717
[2021.01.05-17.30.00:166][  0]LogShaderCompilers: Display: Worker (5/5): shaders left to compile 2716
[2021.01.05-17.30.00:166][  0]LogShaderCompilers: Display: Worker (4/5): shaders left to compile 2715
[2021.01.05-17.30.00:726][  0]LogShaderCompilers: Display: Worker (3/5): shaders left to compile 2714
[2021.01.05-17.30.00:726][  0]LogShaderCompilers: Display: Worker (5/5): shaders left to compile 2713
[2021.01.05-17.30.00:726][  0]LogShaderCompilers: Display: Worker (4/5): shaders left to compile 2712
[2021.01.05-17.30.00:726][  0]LogShaderCompilers: Display: Worker (3/5): shaders left to compile 2711
[2021.01.05-17.30.00:726][  0]LogShaderCompilers: Display: Worker (5/5): shaders left to compile 2710
[2021.01.05-17.30.01:287][  0]LogShaderCompilers: Display: Worker (3/5): shaders left to compile 2709
[2021.01.05-17.30.01:287][  0]LogShaderCompilers: Display: Worker (5/5): shaders left to compile 2708
[2021.01.05-17.30.01:287][  0]LogShaderCompilers: Display: Worker (5/5): shaders left to compile 2707
[2021.01.05-17.30.01:287][  0]LogShaderCompilers: Display: Worker (4/5): shaders left to compile 2706
[2021.01.05-17.30.01:287][  0]LogShaderCompilers: Display: Worker (3/5): shaders left to compile 2705
[2021.01.05-17.30.01:287][  0]LogShaderCompilers: Display: Worker (5/5): shaders left to compile 2704
[2021.01.05-17.30.01:862][  0]LogShaderCompilers: Display: Worker (4/5): shaders left to compile 2703
[2021.01.05-17.30.02:426][  0]LogShaderCompilers: Display: Worker (3/5): shaders left to compile 2702
[2021.01.05-17.30.03:560][  0]LogShaderCompilers: Display: Worker (5/5): shaders left to compile 2701
[2021.01.05-17.30.03:560][  0]LogShaderCompilers: Display: Worker (3/5): shaders left to compile 2700
[2021.01.05-17.30.04:116][  0]LogShaderCompilers: Display: Worker (5/5): shaders left to compile 2699
[2021.01.05-17.30.04:116][  0]LogShaderCompilers: Display: Worker (4/5): shaders left to compile 2698
[2021.01.05-17.30.04:684][  0]LogShaderCompilers: Display: Worker (2/5): shaders left to compile 2697
[2021.01.05-17.30.04:684][  0]LogShaderCompilers: Display: Worker (3/5): shaders left to compile 2696
[2021.01.05-17.30.07:484][  0]LogShaderCompilers: Display: Worker (5/5): shaders left to compile 2695
[2021.01.05-17.30.08:047][  0]LogShaderCompilers: Display: Worker (4/5): shaders left to compile 2694
[2021.01.05-17.30.08:047][  0]LogShaderCompilers: Display: Worker (2/5): shaders left to compile 2693
[2021.01.05-17.30.08:638][  0]LogShaderCompilers: Display: Worker (3/5): shaders left to compile 2692
[2021.01.05-17.30.09:218][  0]LogShaderCompilers: Display: Worker (5/5): shaders left to compile 2691
[2021.01.05-17.30.09:218][  0]LogShaderCompilers: Display: Worker (4/5): shaders left to compile 2690
[2021.01.05-17.30.09:779][  0]LogShaderCompilers: Display: Worker (3/5): shaders left to compile 2689
[2021.01.05-17.30.10:336][  0]LogShaderCompilers: Display: Worker (2/5): shaders left to compile 2688
[2021.01.05-17.30.10:898][  0]LogShaderCompilers: Display: Worker (4/5): shaders left to compile 2687
[2021.01.05-17.30.12:014][  0]LogShaderCompilers: Display: Worker (4/5): shaders left to compile 2686
[2021.01.05-17.30.12:014][  0]LogShaderCompilers: Display: Worker (2/5): shaders left to compile 2685
[2021.01.05-17.30.13:136][  0]LogShaderCompilers: Display: Worker (4/5): shaders left to compile 2684
[2021.01.05-17.30.13:136][  0]LogShaderCompilers: Display: Worker (5/5): shaders left to compile 2683
[2021.01.05-17.30.13:136][  0]LogShaderCompilers: Display: Worker (3/5): shaders left to compile 2682
[2021.01.05-17.30.14:835][  0]LogShaderCompilers: Display: Worker (2/5): shaders left to compile 2681
[2021.01.05-17.30.15:394][  0]LogShaderCompilers: Display: Worker (3/5): shaders left to compile 2680
[2021.01.05-17.30.15:394][  0]LogShaderCompilers: Display: Worker (5/5): shaders left to compile 2679
[2021.01.05-17.30.16:527][  0]LogShaderCompilers: Display: Worker (4/5): shaders left to compile 2678
[2021.01.05-17.30.17:645][  0]LogShaderCompilers: Display: Worker (2/5): shaders left to compile 2677
[2021.01.05-17.30.18:774][  0]LogShaderCompilers: Display: Worker (3/5): shaders left to compile 2676
[2021.01.05-17.30.24:957][  0]LogShaderCompilers: Display: Worker (4/5): shaders left to compile 2675
[2021.01.05-17.30.24:957][  0]LogShaderCompilers: Display: Worker (2/5): shaders left to compile 2674
[2021.01.05-17.30.25:512][  0]LogShaderCompilers: Display: Worker (3/5): shaders left to compile 2673
[2021.01.05-17.30.27:181][  0]LogShaderCompilers: Display: Worker (5/5): shaders left to compile 2672
[2021.01.05-17.30.35:188][  0]LogShaderCompilers: Display: Worker (2/5): shaders left to compile 2671
[2021.01.05-17.30.35:188][  0]LogShaderCompilers: Display: Worker (5/5): shaders left to compile 2670
[2021.01.05-17.30.40:776][  0]LogShaderCompilers: Display: Worker (3/5): shaders left to compile 2669
[2021.01.05-17.30.41:331][  0]LogShaderCompilers: Display: Worker (1/5): shaders left to compile 2668
[2021.01.05-17.30.44:663][  0]LogShaderCompilers: Display: Worker (1/5): shaders left to compile 2667
[2021.01.05-17.30.45:774][  0]LogShaderCompilers: Display: Worker (1/5): shaders left to compile 2666
[2021.01.05-17.30.46:884][  0]LogShaderCompilers: Display: Worker (1/5): shaders left to compile 2665
[2021.01.05-17.30.48:552][  0]LogShaderCompilers: Display: Worker (1/5): shaders left to compile 2664
[2021.01.05-17.30.49:108][  0]LogShaderCompilers: Display: Worker (4/5): shaders left to compile 2663
[2021.01.05-17.30.49:108][  0]LogShaderCompilers: Display: Worker (5/5): shaders left to compile 2662
[2021.01.05-17.30.49:663][  0]LogShaderCompilers: Display: Worker (4/5): shaders left to compile 2661
[2021.01.05-17.30.50:221][  0]LogShaderCompilers: Display: Worker (1/5): shaders left to compile 2660
[2021.01.05-17.30.51:330][  0]LogShaderCompilers: Display: Worker (3/5): shaders left to compile 2659
[2021.01.05-17.30.52:444][  0]LogShaderCompilers: Display: Worker (4/5): shaders left to compile 2658
[2021.01.05-17.30.52:444][  0]LogShaderCompilers: Display: Worker (5/5): shaders left to compile 2657
[2021.01.05-17.30.54:110][  0]LogShaderCompilers: Display: Worker (2/5): shaders left to compile 2656
[2021.01.05-17.30.55:774][  0]LogShaderCompilers: Display: Worker (1/5): shaders left to compile 2655
[2021.01.05-17.30.55:774][  0]LogShaderCompilers: Display: Worker (5/5): shaders left to compile 2654
[2021.01.05-17.30.55:774][  0]LogShaderCompilers: Display: Worker (3/5): shaders left to compile 2653
[2021.01.05-17.30.56:329][  0]LogShaderCompilers: Display: Worker (2/5): shaders left to compile 2652
[2021.01.05-17.30.56:885][  0]LogShaderCompilers: Display: Worker (4/5): shaders left to compile 2651
[2021.01.05-17.30.57:441][  0]LogShaderCompilers: Display: Worker (1/5): shaders left to compile 2650
[2021.01.05-17.30.58:554][  0]LogShaderCompilers: Display: Worker (2/5): shaders left to compile 2649
[2021.01.05-17.30.58:554][  0]LogShaderCompilers: Display: Worker (3/5): shaders left to compile 2648
[2021.01.05-17.30.59:109][  0]LogShaderCompilers: Display: Worker (5/5): shaders left to compile 2647
[2021.01.05-17.31.01:327][  0]LogShaderCompilers: Display: Worker (4/5): shaders left to compile 2646
[2021.01.05-17.31.02:993][  0]LogShaderCompilers: Display: Worker (1/5): shaders left to compile 2645
[2021.01.05-17.31.04:660][  0]LogShaderCompilers: Display: Worker (2/5): shaders left to compile 2644
[2021.01.05-17.31.06:326][  0]LogShaderCompilers: Display: Worker (3/5): shaders left to compile 2643
[2021.01.05-17.31.10:775][  0]LogShaderCompilers: Display: Worker (5/5): shaders left to compile 2642
[2021.01.05-17.31.13:557][  0]LogShaderCompilers: Display: Worker (4/5): shaders left to compile 2641
[2021.01.05-17.31.29:004][  0]LogShaderCompilers: Display: Worker (1/5): shaders left to compile 2640
[2021.01.05-17.31.29:004][  0]LogShaderCompilers: Display: Worker (3/5): shaders left to compile 2639
[2021.01.05-17.31.30:703][  0]LogShaderCompilers: Display: Worker (2/5): shaders left to compile 2638
[2021.01.05-17.31.34:045][  0]LogShaderCompilers: Display: Worker (4/5): shaders left to compile 2637
[2021.01.05-17.31.40:238][  0]LogShaderCompilers: Display: Worker (5/5): shaders left to compile 2636
[2021.01.05-17.31.43:041][  0]LogShaderCompilers: Display: Worker (5/5): shaders left to compile 2635
[2021.01.05-17.31.46:984][  0]LogShaderCompilers: Display: Worker (5/5): shaders left to compile 2634
[2021.01.05-17.31.47:557][  0]LogShaderCompilers: Display: Worker (5/5): shaders left to compile 2633
[2021.01.05-17.31.50:977][  0]LogShaderCompilers: Display: Worker (5/5): shaders left to compile 2632
[2021.01.05-17.31.52:713][  0]LogShaderCompilers: Display: Worker (5/5): shaders left to compile 2631
[2021.01.05-17.31.56:103][  0]LogShaderCompilers: Display: Worker (5/5): shaders left to compile 2630
[2021.01.05-17.32.00:006][  0]LogShaderCompilers: Display: Worker (5/5): shaders left to compile 2629
[2021.01.05-17.32.00:563][  0]LogShaderCompilers: Display: Worker (5/5): shaders left to compile 2628
[2021.01.05-17.32.02:229][  0]LogShaderCompilers: Display: Worker (5/5): shaders left to compile 2627
[2021.01.05-17.32.02:786][  0]LogShaderCompilers: Display: Worker (1/5): shaders left to compile 2626
[2021.01.05-17.32.03:340][  0]LogShaderCompilers: Display: Worker (5/5): shaders left to compile 2625
[2021.01.05-17.32.03:893][  0]LogShaderCompilers: Display: Worker (1/5): shaders left to compile 2624
[2021.01.05-17.32.04:446][  0]LogShaderCompilers: Display: Worker (5/5): shaders left to compile 2623
[2021.01.05-17.32.04:446][  0]LogShaderCompilers: Display: Worker (1/5): shaders left to compile 2622
[2021.01.05-17.32.04:446][  0]LogShaderCompilers: Display: Worker (4/5): shaders left to compile 2621
[2021.01.05-17.32.05:000][  0]LogShaderCompilers: Display: Worker (1/5): shaders left to compile 2620
[2021.01.05-17.32.05:000][  0]LogShaderCompilers: Display: Worker (5/5): shaders left to compile 2619
[2021.01.05-17.32.05:556][  0]LogShaderCompilers: Display: Worker (4/5): shaders left to compile 2618
[2021.01.05-17.32.05:556][  0]LogShaderCompilers: Display: Worker (3/5): shaders left to compile 2617
[2021.01.05-17.32.05:556][  0]LogShaderCompilers: Display: Worker (1/5): shaders left to compile 2616
[2021.01.05-17.32.05:556][  0]LogShaderCompilers: Display: Worker (5/5): shaders left to compile 2615
[2021.01.05-17.32.05:556][  0]LogShaderCompilers: Display: Worker (4/5): shaders left to compile 2614
[2021.01.05-17.32.05:556][  0]LogShaderCompilers: Display: Worker (1/5): shaders left to compile 2613
[2021.01.05-17.32.06:113][  0]LogShaderCompilers: Display: Worker (3/5): shaders left to compile 2612
[2021.01.05-17.32.06:668][  0]LogShaderCompilers: Display: Worker (3/5): shaders left to compile 2611
[2021.01.05-17.32.07:225][  0]LogShaderCompilers: Display: Worker (1/5): shaders left to compile 2610
[2021.01.05-17.32.07:780][  0]LogShaderCompilers: Display: Worker (3/5): shaders left to compile 2609
[2021.01.05-17.32.10:560][  0]LogShaderCompilers: Display: Worker (1/5): shaders left to compile 2608
[2021.01.05-17.32.11:667][  0]LogShaderCompilers: Display: Worker (2/5): shaders left to compile 2607
[2021.01.05-17.32.12:777][  0]LogShaderCompilers: Display: Worker (3/5): shaders left to compile 2606
[2021.01.05-17.32.13:331][  0]LogShaderCompilers: Display: Worker (2/5): shaders left to compile 2605
[2021.01.05-17.32.13:889][  0]LogShaderCompilers: Display: Worker (3/5): shaders left to compile 2604
[2021.01.05-17.32.15:552][  0]LogShaderCompilers: Display: Worker (3/5): shaders left to compile 2603
[2021.01.05-17.32.16:109][  0]LogShaderCompilers: Display: Worker (2/5): shaders left to compile 2602
[2021.01.05-17.32.17:239][  0]LogShaderCompilers: Display: Worker (1/5): shaders left to compile 2601
[2021.01.05-17.32.17:239][  0]LogShaderCompilers: Display: Worker (3/5): shaders left to compile 2600
[2021.01.05-17.32.17:803][  0]LogShaderCompilers: Display: Worker (2/5): shaders left to compile 2599
[2021.01.05-17.32.18:360][  0]LogShaderCompilers: Display: Worker (1/5): shaders left to compile 2598
[2021.01.05-17.32.19:486][  0]LogShaderCompilers: Display: Worker (3/5): shaders left to compile 2597
[2021.01.05-17.32.20:068][  0]LogShaderCompilers: Display: Worker (1/5): shaders left to compile 2596
[2021.01.05-17.32.20:626][  0]LogShaderCompilers: Display: Worker (2/5): shaders left to compile 2595
[2021.01.05-17.32.21:180][  0]LogShaderCompilers: Display: Worker (2/5): shaders left to compile 2594
[2021.01.05-17.32.21:180][  0]LogShaderCompilers: Display: Worker (1/5): shaders left to compile 2593
[2021.01.05-17.32.22:291][  0]LogShaderCompilers: Display: Worker (3/5): shaders left to compile 2592
[2021.01.05-17.32.22:848][  0]LogShaderCompilers: Display: Worker (2/5): shaders left to compile 2591
[2021.01.05-17.32.23:982][  0]LogShaderCompilers: Display: Worker (1/5): shaders left to compile 2590
[2021.01.05-17.32.23:982][  0]LogShaderCompilers: Display: Worker (3/5): shaders left to compile 2589
[2021.01.05-17.32.23:982][  0]LogShaderCompilers: Display: Worker (2/5): shaders left to compile 2588
[2021.01.05-17.32.24:543][  0]LogShaderCompilers: Display: Worker (2/5): shaders left to compile 2587
[2021.01.05-17.32.25:678][  0]LogShaderCompilers: Display: Worker (3/5): shaders left to compile 2586
[2021.01.05-17.32.26:240][  0]LogShaderCompilers: Display: Worker (1/5): shaders left to compile 2585
[2021.01.05-17.32.26:811][  0]LogShaderCompilers: Display: Worker (2/5): shaders left to compile 2584
[2021.01.05-17.32.27:383][  0]LogShaderCompilers: Display: Worker (3/5): shaders left to compile 2583
[2021.01.05-17.32.27:383][  0]LogShaderCompilers: Display: Worker (2/5): shaders left to compile 2582
[2021.01.05-17.32.27:943][  0]LogShaderCompilers: Display: Worker (3/5): shaders left to compile 2581
[2021.01.05-17.32.29:105][  0]LogShaderCompilers: Display: Worker (1/5): shaders left to compile 2580
[2021.01.05-17.32.29:105][  0]LogShaderCompilers: Display: Worker (2/5): shaders left to compile 2579
[2021.01.05-17.32.29:664][  0]LogShaderCompilers: Display: Worker (3/5): shaders left to compile 2578
[2021.01.05-17.32.30:817][  0]LogShaderCompilers: Display: Worker (1/5): shaders left to compile 2577
[2021.01.05-17.32.31:380][  0]LogShaderCompilers: Display: Worker (3/5): shaders left to compile 2576
[2021.01.05-17.32.31:380][  0]LogShaderCompilers: Display: Worker (3/5): shaders left to compile 2575
[2021.01.05-17.32.31:938][  0]LogShaderCompilers: Display: Worker (2/5): shaders left to compile 2574
[2021.01.05-17.32.31:938][  0]LogShaderCompilers: Display: Worker (1/5): shaders left to compile 2573
[2021.01.05-17.32.32:500][  0]LogShaderCompilers: Display: Worker (1/5): shaders left to compile 2572
[2021.01.05-17.32.33:070][  0]LogShaderCompilers: Display: Worker (2/5): shaders left to compile 2571
[2021.01.05-17.32.33:070][  0]LogShaderCompilers: Display: Worker (3/5): shaders left to compile 2570
[2021.01.05-17.32.33:070][  0]LogShaderCompilers: Display: Worker (1/5): shaders left to compile 2569
[2021.01.05-17.32.33:662][  0]LogShaderCompilers: Display: Worker (2/5): shaders left to compile 2568
[2021.01.05-17.32.34:788][  0]LogShaderCompilers: Display: Worker (2/5): shaders left to compile 2567
[2021.01.05-17.32.34:789][  0]LogShaderCompilers: Display: Worker (3/5): shaders left to compile 2566
[2021.01.05-17.32.35:921][  0]LogShaderCompilers: Display: Worker (2/5): shaders left to compile 2565
[2021.01.05-17.32.36:485][  0]LogShaderCompilers: Display: Worker (1/5): shaders left to compile 2564
[2021.01.05-17.32.37:039][  0]LogShaderCompilers: Display: Worker (3/5): shaders left to compile 2563
[2021.01.05-17.32.37:039][  0]LogShaderCompilers: Display: Worker (2/5): shaders left to compile 2562
[2021.01.05-17.32.37:598][  0]LogShaderCompilers: Display: Worker (1/5): shaders left to compile 2561
[2021.01.05-17.32.38:718][  0]LogShaderCompilers: Display: Worker (1/5): shaders left to compile 2560
[2021.01.05-17.32.39:336][  0]LogShaderCompilers: Display: Worker (3/5): shaders left to compile 2559
[2021.01.05-17.32.39:902][  0]LogShaderCompilers: Display: Worker (2/5): shaders left to compile 2558
[2021.01.05-17.32.40:462][  0]LogShaderCompilers: Display: Worker (3/5): shaders left to compile 2557
[2021.01.05-17.32.40:462][  0]LogShaderCompilers: Display: Worker (2/5): shaders left to compile 2556
[2021.01.05-17.32.41:021][  0]LogShaderCompilers: Display: Worker (3/5): shaders left to compile 2555
[2021.01.05-17.32.41:588][  0]LogShaderCompilers: Display: Worker (1/5): shaders left to compile 2554
[2021.01.05-17.32.41:588][  0]LogShaderCompilers: Display: Worker (2/5): shaders left to compile 2553
[2021.01.05-17.32.42:152][  0]LogShaderCompilers: Display: Worker (3/5): shaders left to compile 2552
[2021.01.05-17.32.42:152][  0]LogShaderCompilers: Display: Worker (1/5): shaders left to compile 2551
[2021.01.05-17.32.43:843][  0]LogShaderCompilers: Display: Worker (3/5): shaders left to compile 2550
[2021.01.05-17.32.43:843][  0]LogShaderCompilers: Display: Worker (2/5): shaders left to compile 2549
[2021.01.05-17.32.43:843][  0]LogShaderCompilers: Display: Worker (1/5): shaders left to compile 2548
[2021.01.05-17.32.44:429][  0]LogShaderCompilers: Display: Worker (2/5): shaders left to compile 2547
[2021.01.05-17.32.44:989][  0]LogShaderCompilers: Display: Worker (2/5): shaders left to compile 2546
[2021.01.05-17.32.45:573][  0]LogShaderCompilers: Display: Worker (2/5): shaders left to compile 2545
[2021.01.05-17.32.45:573][  0]LogShaderCompilers: Display: Worker (3/5): shaders left to compile 2544
[2021.01.05-17.32.46:157][  0]LogShaderCompilers: Display: Worker (1/5): shaders left to compile 2543
[2021.01.05-17.32.47:277][  0]LogShaderCompilers: Display: Worker (2/5): shaders left to compile 2542
[2021.01.05-17.32.47:277][  0]LogShaderCompilers: Display: Worker (3/5): shaders left to compile 2541
[2021.01.05-17.32.48:402][  0]LogShaderCompilers: Display: Worker (1/5): shaders left to compile 2540
[2021.01.05-17.32.49:559][  0]LogShaderCompilers: Display: Worker (2/5): shaders left to compile 2539
[2021.01.05-17.32.50:238][  0]LogShaderCompilers: Display: Worker (1/5): shaders left to compile 2538
[2021.01.05-17.32.50:806][  0]LogShaderCompilers: Display: Worker (3/5): shaders left to compile 2537
[2021.01.05-17.32.50:806][  0]LogShaderCompilers: Display: Worker (2/5): shaders left to compile 2536
[2021.01.05-17.32.51:418][  0]LogShaderCompilers: Display: Worker (2/5): shaders left to compile 2535
[2021.01.05-17.32.52:005][  0]LogShaderCompilers: Display: Worker (3/5): shaders left to compile 2534
[2021.01.05-17.32.52:560][  0]LogShaderCompilers: Display: Worker (3/5): shaders left to compile 2533
[2021.01.05-17.32.53:706][  0]LogShaderCompilers: Display: Worker (1/5): shaders left to compile 2532
[2021.01.05-17.32.54:303][  0]LogShaderCompilers: Display: Worker (2/5): shaders left to compile 2531
[2021.01.05-17.32.54:929][  0]LogShaderCompilers: Display: Worker (2/5): shaders left to compile 2530
[2021.01.05-17.32.54:929][  0]LogShaderCompilers: Display: Worker (2/5): shaders left to compile 2529
[2021.01.05-17.32.54:929][  0]LogShaderCompilers: Display: Worker (3/5): shaders left to compile 2528
[2021.01.05-17.32.54:929][  0]LogShaderCompilers: Display: Worker (1/5): shaders left to compile 2527
[2021.01.05-17.32.56:090][  0]LogShaderCompilers: Display: Worker (2/5): shaders left to compile 2526
[2021.01.05-17.32.56:651][  0]LogShaderCompilers: Display: Worker (3/5): shaders left to compile 2525
[2021.01.05-17.32.56:651][  0]LogShaderCompilers: Display: Worker (1/5): shaders left to compile 2524
[2021.01.05-17.32.57:249][  0]LogShaderCompilers: Display: Worker (1/5): shaders left to compile 2523
[2021.01.05-17.32.57:832][  0]LogShaderCompilers: Display: Worker (3/5): shaders left to compile 2522
[2021.01.05-17.32.57:832][  0]LogShaderCompilers: Display: Worker (3/5): shaders left to compile 2521
[2021.01.05-17.32.57:832][  0]LogShaderCompilers: Display: Worker (2/5): shaders left to compile 2520
